#
# There is insufficient memory for the Java Runtime Environment to continue.
# Native memory allocation (mmap) failed to map 264241152 bytes for G1 virtual space
# Possible reasons:
#   The system is out of physical RAM or swap space
#   The process is running with CompressedOops enabled, and the Java Heap may be blocking the growth of the native heap
# Possible solutions:
#   Reduce memory load on the system
#   Increase physical memory or swap space
#   Check if swap backing store is full
#   Decrease Java heap size (-Xmx/-Xms)
#   Decrease number of Java threads
#   Decrease Java thread stack sizes (-Xss)
#   Set larger code cache with -XX:ReservedCodeCacheSize=
#   JVM is running with Zero Based Compressed Oops mode in which the Java heap is
#     placed in the first 32GB address space. The Java Heap base address is the
#     maximum limit for the native heap growth. Please use -XX:HeapBaseMinAddress
#     to set the Java Heap base and to place the Java Heap above 32GB virtual address.
# This output file may be truncated or incomplete.
#
#  Out of Memory Error (os_windows.cpp:3469), pid=19952, tid=15928
#
# JRE version:  (17.0.1+12) (build )
# Java VM: OpenJDK 64-Bit Server VM (17.0.1+12-39, mixed mode, sharing, tiered, compressed oops, compressed class ptrs, g1 gc, windows-amd64)
# No core dump will be written. Minidumps are not enabled by default on client versions of Windows
#

---------------  S U M M A R Y ------------

Command Line: -javaagent:E:\Complier\IntelliJ IDEA Community Edition 2022.2.2\lib\idea_rt.jar=52541:E:\Complier\IntelliJ IDEA Community Edition 2022.2.2\bin -Dfile.encoding=UTF-8 --module-path=D:\Dat\PROJECT\HeTroGiup\demo\target\classes;C:\Users\DELL\.m2\repository\org\openjfx\javafx-fxml\17.0.2\javafx-fxml-17.0.2-win.jar;C:\Users\DELL\.m2\repository\org\openjfx\javafx-graphics\17.0.2\javafx-graphics-17.0.2-win.jar;C:\Users\DELL\.m2\repository\org\openjfx\javafx-base\17.0.2\javafx-base-17.0.2-win.jar;C:\Users\DELL\.m2\repository\org\openjfx\javafx-controls\17.0.2\javafx-controls-17.0.2-win.jar -Djdk.module.main=com.example.demo com.example.demo/com.example.demo.HelloApplication

Host: 11th Gen Intel(R) Core(TM) i5-1135G7 @ 2.40GHz, 8 cores, 15G,  Windows 10 , 64 bit Build 19041 (10.0.19041.2913)
Time: Thu Jun  1 12:50:18 2023 SE Asia Standard Time elapsed time: 0.014199 seconds (0d 0h 0m 0s)

---------------  T H R E A D  ---------------

Current thread (0x00000185db24f440):  JavaThread "Unknown thread" [_thread_in_vm, id=15928, stack(0x0000004e3d200000,0x0000004e3d300000)]

Stack: [0x0000004e3d200000,0x0000004e3d300000]
Native frames: (J=compiled Java code, j=interpreted, Vv=VM code, C=native code)
V  [jvm.dll+0x66fa1a]
V  [jvm.dll+0x7ce5a4]
V  [jvm.dll+0x7cfd4e]
V  [jvm.dll+0x7d03b3]
V  [jvm.dll+0x242b05]
V  [jvm.dll+0x66ca39]
V  [jvm.dll+0x661502]
V  [jvm.dll+0x30081b]
V  [jvm.dll+0x307da6]
V  [jvm.dll+0x357a1e]
V  [jvm.dll+0x357c4f]
V  [jvm.dll+0x2d7ad8]
V  [jvm.dll+0x2d8a44]
V  [jvm.dll+0x7a01e1]
V  [jvm.dll+0x365791]
V  [jvm.dll+0x77f6cc]
V  [jvm.dll+0x3e812f]
V  [jvm.dll+0x3e9bd1]
C  [jli.dll+0x527b]
C  [ucrtbase.dll+0x21bb2]
C  [KERNEL32.DLL+0x17614]
C  [ntdll.dll+0x526a1]


---------------  P R O C E S S  ---------------

Threads class SMR info:
_java_thread_list=0x00007ffcf7de7818, length=0, elements={
}

Java Threads: ( => current thread )

Other Threads:
  0x00000185db2a4930 GCTaskThread "GC Thread#0" [stack: 0x0000004e3d300000,0x0000004e3d400000] [id=2604]
  0x00000185db2b5430 ConcurrentGCThread "G1 Main Marker" [stack: 0x0000004e3d400000,0x0000004e3d500000] [id=21948]
  0x00000185db2b5e40 ConcurrentGCThread "G1 Conc#0" [stack: 0x0000004e3d500000,0x0000004e3d600000] [id=22792]

[error occurred during error reporting (printing all threads), id 0xc0000005, EXCEPTION_ACCESS_VIOLATION (0xc0000005) at pc=0x00007ffcf76384b7]

VM state: not at safepoint (not fully initialized)

VM Mutex/Monitor currently owned by a thread:  ([mutex/lock_event])
[0x00000185db249b10] Heap_lock - owner thread: 0x00000185db24f440

Heap address: 0x0000000704400000, size: 4028 MB, Compressed Oops mode: Zero based, Oop shift amount: 3

CDS archive(s) mapped at: [0x0000000000000000-0x0000000000000000-0x0000000000000000), size 0, SharedBaseAddress: 0x0000000800000000, ArchiveRelocationMode: 0.
Narrow klass base: 0x0000000000000000, Narrow klass shift: 0, Narrow klass range: 0x0

GC Precious Log:
<Empty>

Heap:
 garbage-first heap   total 0K, used 0K [0x0000000704400000, 0x0000000800000000)
  region size 2048K, 0 young (0K), 0 survivors (0K)

[error occurred during error reporting (printing heap information), id 0xc0000005, EXCEPTION_ACCESS_VIOLATION (0xc0000005) at pc=0x00007ffcf7a18d89]

GC Heap History (0 events):
No events

Deoptimization events (0 events):
No events

Classes unloaded (0 events):
No events

Classes redefined (0 events):
No events

Internal exceptions (0 events):
No events

VM Operations (0 events):
No events

Events (1 events):
Event: 0.008 Loaded shared library C:\Users\DELL\.jdks\openjdk-17.0.1\bin\java.dll


Dynamic libraries:
0x00007ff77a4e0000 - 0x00007ff77a4ee000 	C:\Users\DELL\.jdks\openjdk-17.0.1\bin\java.exe
0x00007ffdb0230000 - 0x00007ffdb0428000 	C:\Windows\SYSTEM32\ntdll.dll
0x00007ffdaf420000 - 0x00007ffdaf4df000 	C:\Windows\System32\KERNEL32.DLL
0x00007ffdadbe0000 - 0x00007ffdaded6000 	C:\Windows\System32\KERNELBASE.dll
0x00007ffdae160000 - 0x00007ffdae260000 	C:\Windows\System32\ucrtbase.dll
0x00007ffd746c0000 - 0x00007ffd746da000 	C:\Users\DELL\.jdks\openjdk-17.0.1\bin\VCRUNTIME140.dll
0x00007ffd6fd80000 - 0x00007ffd6fd98000 	C:\Users\DELL\.jdks\openjdk-17.0.1\bin\jli.dll
0x00007ffdaf240000 - 0x00007ffdaf3dd000 	C:\Windows\System32\USER32.dll
0x00007ffdae260000 - 0x00007ffdae282000 	C:\Windows\System32\win32u.dll
0x00007ffd919d0000 - 0x00007ffd91c6a000 	C:\Windows\WinSxS\amd64_microsoft.windows.common-controls_6595b64144ccf1df_6.0.19041.1110_none_60b5254171f9507e\COMCTL32.dll
0x00007ffdaf770000 - 0x00007ffdaf80e000 	C:\Windows\System32\msvcrt.dll
0x00007ffdaf3e0000 - 0x00007ffdaf40c000 	C:\Windows\System32\GDI32.dll
0x00007ffdae040000 - 0x00007ffdae155000 	C:\Windows\System32\gdi32full.dll
0x00007ffdadb40000 - 0x00007ffdadbdd000 	C:\Windows\System32\msvcp_win.dll
0x00007ffdb01c0000 - 0x00007ffdb01f0000 	C:\Windows\System32\IMM32.DLL
0x00007ffd6c970000 - 0x00007ffd6c97c000 	C:\Users\DELL\.jdks\openjdk-17.0.1\bin\vcruntime140_1.dll
0x00007ffd67a40000 - 0x00007ffd67acd000 	C:\Users\DELL\.jdks\openjdk-17.0.1\bin\msvcp140.dll
0x00007ffcf7350000 - 0x00007ffcf7f0e000 	C:\Users\DELL\.jdks\openjdk-17.0.1\bin\server\jvm.dll
0x00007ffdaeb40000 - 0x00007ffdaebef000 	C:\Windows\System32\ADVAPI32.dll
0x00007ffdaebf0000 - 0x00007ffdaec8c000 	C:\Windows\System32\sechost.dll
0x00007ffdaec90000 - 0x00007ffdaedb6000 	C:\Windows\System32\RPCRT4.dll
0x00007ffdae980000 - 0x00007ffdae988000 	C:\Windows\System32\PSAPI.DLL
0x00007ffd7ad80000 - 0x00007ffd7ad89000 	C:\Windows\SYSTEM32\WSOCK32.dll
0x00007ffd9ebf0000 - 0x00007ffd9ebfa000 	C:\Windows\SYSTEM32\VERSION.dll
0x00007ffdab110000 - 0x00007ffdab137000 	C:\Windows\SYSTEM32\WINMM.dll
0x00007ffdaf5b0000 - 0x00007ffdaf61b000 	C:\Windows\System32\WS2_32.dll
0x00007ffdab950000 - 0x00007ffdab962000 	C:\Windows\SYSTEM32\kernel.appcore.dll
0x00007ffd6c960000 - 0x00007ffd6c96a000 	C:\Users\DELL\.jdks\openjdk-17.0.1\bin\jimage.dll
0x00007ffdaaec0000 - 0x00007ffdab0a4000 	C:\Windows\SYSTEM32\DBGHELP.DLL
0x00007ffdab0d0000 - 0x00007ffdab104000 	C:\Windows\SYSTEM32\dbgcore.DLL
0x00007ffdad910000 - 0x00007ffdad992000 	C:\Windows\System32\bcryptPrimitives.dll
0x00007ffda5960000 - 0x00007ffda596e000 	C:\Users\DELL\.jdks\openjdk-17.0.1\bin\instrument.dll
0x00007ffd6c150000 - 0x00007ffd6c175000 	C:\Users\DELL\.jdks\openjdk-17.0.1\bin\java.dll

dbghelp: loaded successfully - version: 4.0.5 - missing functions: none
symbol engine: initialized successfully - sym options: 0x614 - pdb path: .;C:\Users\DELL\.jdks\openjdk-17.0.1\bin;C:\Windows\SYSTEM32;C:\Windows\WinSxS\amd64_microsoft.windows.common-controls_6595b64144ccf1df_6.0.19041.1110_none_60b5254171f9507e;C:\Users\DELL\.jdks\openjdk-17.0.1\bin\server

VM Arguments:
jvm_args: -javaagent:E:\Complier\IntelliJ IDEA Community Edition 2022.2.2\lib\idea_rt.jar=52541:E:\Complier\IntelliJ IDEA Community Edition 2022.2.2\bin -Dfile.encoding=UTF-8 --module-path=D:\Dat\PROJECT\HeTroGiup\demo\target\classes;C:\Users\DELL\.m2\repository\org\openjfx\javafx-fxml\17.0.2\javafx-fxml-17.0.2-win.jar;C:\Users\DELL\.m2\repository\org\openjfx\javafx-graphics\17.0.2\javafx-graphics-17.0.2-win.jar;C:\Users\DELL\.m2\repository\org\openjfx\javafx-base\17.0.2\javafx-base-17.0.2-win.jar;C:\Users\DELL\.m2\repository\org\openjfx\javafx-controls\17.0.2\javafx-controls-17.0.2-win.jar -Djdk.module.main=com.example.demo 
java_command: com.example.demo/com.example.demo.HelloApplication
java_class_path (initial): C:\Users\DELL\.m2\repository\org\openjfx\javafx-controls\17.0.2\javafx-controls-17.0.2.jar;C:\Users\DELL\.m2\repository\org\openjfx\javafx-graphics\17.0.2\javafx-graphics-17.0.2.jar;C:\Users\DELL\.m2\repository\org\openjfx\javafx-base\17.0.2\javafx-base-17.0.2.jar;C:\Users\DELL\.m2\repository\org\openjfx\javafx-fxml\17.0.2\javafx-fxml-17.0.2.jar;D:\Download\mysql-connector-java-8.0.25\mysql-connector-java-8.0.25.jar
Launcher Type: SUN_STANDARD

[Global flags]
     intx CICompilerCount                          = 4                                         {product} {ergonomic}
     uint ConcGCThreads                            = 2                                         {product} {ergonomic}
     uint G1ConcRefinementThreads                  = 8                                         {product} {ergonomic}
   size_t G1HeapRegionSize                         = 2097152                                   {product} {ergonomic}
    uintx GCDrainStackTargetSize                   = 64                                        {product} {ergonomic}
   size_t InitialHeapSize                          = 264241152                                 {product} {ergonomic}
   size_t MarkStackSize                            = 4194304                                   {product} {ergonomic}
   size_t MaxHeapSize                              = 4223664128                                {product} {ergonomic}
   size_t MinHeapDeltaBytes                        = 2097152                                   {product} {ergonomic}
   size_t MinHeapSize                              = 8388608                                   {product} {ergonomic}
    uintx NonNMethodCodeHeapSize                   = 5839372                                {pd product} {ergonomic}
    uintx NonProfiledCodeHeapSize                  = 122909434                              {pd product} {ergonomic}
    uintx ProfiledCodeHeapSize                     = 122909434                              {pd product} {ergonomic}
    uintx ReservedCodeCacheSize                    = 251658240                              {pd product} {ergonomic}
     bool SegmentedCodeCache                       = true                                      {product} {ergonomic}
   size_t SoftMaxHeapSize                          = 4223664128                             {manageable} {ergonomic}
     bool UseCompressedClassPointers               = true                           {product lp64_product} {ergonomic}
     bool UseCompressedOops                        = true                           {product lp64_product} {ergonomic}
     bool UseG1GC                                  = true                                      {product} {ergonomic}
     bool UseLargePagesIndividualAllocation        = false                                  {pd product} {ergonomic}

Logging:
Log output configuration:
 #0: stdout all=warning uptime,level,tags
 #1: stderr all=off uptime,level,tags

Environment Variables:
PATH=C:\Program Files (x86)\Common Files\Oracle\Java\javapath;D:\May ao\bin\;C:\Windows\system32;C:\Windows;C:\Windows\System32\Wbem;C:\Windows\System32\WindowsPowerShell\v1.0\;C:\Windows\System32\OpenSSH\;C:\Program Files\Microsoft SQL Server\Client SDK\ODBC\110\Tools\Binn\;C:\Program Files (x86)\Microsoft SQL Server\120\Tools\Binn\;C:\Program Files\Microsoft SQL Server\120\Tools\Binn\;C:\Program Files\Microsoft SQL Server\120\DTS\Binn\;C:\Program Files (x86)\Microsoft SQL Server\120\Tools\Binn\ManagementStudio\;C:\Program Files (x86)\Microsoft SQL Server\120\DTS\Binn\;C:\Program Files\Git\cmd;C:\Program Files\dotnet\;E:\Môi tru?ng\;C:\Program Files\Microsoft SQL Server\Client SDK\ODBC\170\Tools\Binn\;C:\Program Files (x86)\Microsoft SQL Server\150\Tools\Binn\;C:\Program Files\Microsoft SQL Server\150\Tools\Binn\;C:\Program Files\Microsoft SQL Server\150\DTS\Binn\;C:\Program Files (x86)\Microsoft SQL Server\150\DTS\Binn\;C:\Program Files\Azure Data Studio\bin;C:\ProgramData\chocolatey\bin;C:\Program Files (x86)\Windows Kits\10\Windows Performance Toolkit\;C:\Users\DELL\AppData\Local\Microsoft\WindowsApps;C:\Users\DELL\AppData\Local\GitHubDesktop\bin;D:\Dat\Microsoft VS Code\bin;C:\Users\DELL\AppData\Roaming\npm;C:\Program Files\Azure Data Studio\bin;C:\Users\DELL\.dotnet\tools
USERNAME=DELL
OS=Windows_NT
PROCESSOR_IDENTIFIER=Intel64 Family 6 Model 140 Stepping 1, GenuineIntel



---------------  S Y S T E M  ---------------

OS:
 Windows 10 , 64 bit Build 19041 (10.0.19041.2913)
OS uptime: 0 days 2:06 hours
Hyper-V role detected

CPU: total 8 (initial active 8) (4 cores per cpu, 2 threads per core) family 6 model 140 stepping 1 microcode 0xa4, cx8, cmov, fxsr, ht, mmx, 3dnowpref, sse, sse2, sse3, ssse3, sse4.1, sse4.2, popcnt, lzcnt, tsc, tscinvbit, avx, avx2, aes, erms, clmul, bmi1, bmi2, adx, avx512f, avx512dq, avx512cd, avx512bw, avx512vl, sha, fma, vzeroupper, avx512_vpopcntdq, avx512_vpclmulqdq, avx512_vaes, avx512_vnni, clflush, clflushopt, clwb, avx512_vbmi2, avx512_vbmi, hv

Memory: 4k page, system-wide physical 16106M (3242M free)
TotalPageFile size 17653M (AvailPageFile size 36M)
current process WorkingSet (physical memory assigned to process): 10M, peak: 10M
current process commit charge ("private bytes"): 60M, peak: 312M

vm_info: OpenJDK 64-Bit Server VM (17.0.1+12-39) for windows-amd64 JRE (17.0.1+12-39), built on Sep 27 2021 18:39:29 by "mach5one" with MS VC++ 16.8 (VS2019)

END.
