#
# There is insufficient memory for the Java Runtime Environment to continue.
# Native memory allocation (malloc) failed to allocate 1541776 bytes for Chunk::new
# Possible reasons:
#   The system is out of physical RAM or swap space
#   The process is running with CompressedOops enabled, and the Java Heap may be blocking the growth of the native heap
# Possible solutions:
#   Reduce memory load on the system
#   Increase physical memory or swap space
#   Check if swap backing store is full
#   Decrease Java heap size (-Xmx/-Xms)
#   Decrease number of Java threads
#   Decrease Java thread stack sizes (-Xss)
#   Set larger code cache with -XX:ReservedCodeCacheSize=
#   JVM is running with Zero Based Compressed Oops mode in which the Java heap is
#     placed in the first 32GB address space. The Java Heap base address is the
#     maximum limit for the native heap growth. Please use -XX:HeapBaseMinAddress
#     to set the Java Heap base and to place the Java Heap above 32GB virtual address.
# This output file may be truncated or incomplete.
#
#  Out of Memory Error (arena.cpp:189), pid=21680, tid=23092
#
# JRE version: OpenJDK Runtime Environment (17.0.1+12) (build 17.0.1+12-39)
# Java VM: OpenJDK 64-Bit Server VM (17.0.1+12-39, mixed mode, sharing, tiered, compressed oops, compressed class ptrs, g1 gc, windows-amd64)
# No core dump will be written. Minidumps are not enabled by default on client versions of Windows
#

---------------  S U M M A R Y ------------

Command Line: -javaagent:E:\Complier\IntelliJ IDEA Community Edition 2022.2.2\lib\idea_rt.jar=58184:E:\Complier\IntelliJ IDEA Community Edition 2022.2.2\bin -Dfile.encoding=UTF-8 --module-path=C:\Users\DELL\.m2\repository\org\openjfx\javafx-graphics\17.0.2\javafx-graphics-17.0.2-win.jar;D:\Dat\PROJECT\HeTroGiup\demo\target\classes;C:\Users\DELL\.m2\repository\org\openjfx\javafx-base\17.0.2\javafx-base-17.0.2-win.jar;C:\Users\DELL\.m2\repository\org\openjfx\javafx-fxml\17.0.2\javafx-fxml-17.0.2-win.jar;C:\Users\DELL\.m2\repository\org\openjfx\javafx-controls\17.0.2\javafx-controls-17.0.2-win.jar -Djdk.module.main=com.example.demo com.example.demo/com.example.demo.HelloApplication

Host: 11th Gen Intel(R) Core(TM) i5-1135G7 @ 2.40GHz, 8 cores, 15G,  Windows 10 , 64 bit Build 19041 (10.0.19041.2913)
Time: Tue Jun  6 13:47:20 2023 SE Asia Standard Time elapsed time: 1.949845 seconds (0d 0h 0m 1s)

---------------  T H R E A D  ---------------

Current thread (0x0000020a6f1f9860):  JavaThread "C2 CompilerThread2" daemon [_thread_in_native, id=23092, stack(0x000000b560c00000,0x000000b560d00000)]


Current CompileTask:
C2:   1950 2263       4       javafx.scene.CssStyleHelper::resolveRef (134 bytes)

Stack: [0x000000b560c00000,0x000000b560d00000]
Native frames: (J=compiled Java code, j=interpreted, Vv=VM code, C=native code)
V  [jvm.dll+0x66fa1a]
V  [jvm.dll+0x7ce5a4]
V  [jvm.dll+0x7cfd4e]
V  [jvm.dll+0x7d03b3]
V  [jvm.dll+0x242b05]
V  [jvm.dll+0xaa05b]
V  [jvm.dll+0xaa5ec]
V  [jvm.dll+0x35f9b2]
V  [jvm.dll+0x329f51]
V  [jvm.dll+0x3293fa]
V  [jvm.dll+0x215bf1]
V  [jvm.dll+0x215011]
V  [jvm.dll+0x1a168d]
V  [jvm.dll+0x224848]
V  [jvm.dll+0x2229ac]
V  [jvm.dll+0x78435b]
V  [jvm.dll+0x77e91a]
V  [jvm.dll+0x66e845]
C  [ucrtbase.dll+0x21bb2]
C  [KERNEL32.DLL+0x17614]
C  [ntdll.dll+0x526a1]


---------------  P R O C E S S  ---------------

Threads class SMR info:
_java_thread_list=0x0000020a6f5431b0, length=22, elements={
0x0000020a4a5cf8c0, 0x0000020a6d0edb50, 0x0000020a6d0f0620, 0x0000020a6d0ffe70,
0x0000020a6d102840, 0x0000020a6d105110, 0x0000020a6d1059d0, 0x0000020a6d106bd0,
0x0000020a6dc08140, 0x0000020a6dc11b90, 0x0000020a6dcd7750, 0x0000020a6dd47f80,
0x0000020a6e36c660, 0x0000020a6e48f210, 0x0000020a6e185440, 0x0000020a6dffdfe0,
0x0000020a6e435210, 0x0000020a6ea47cc0, 0x0000020a6ea48190, 0x0000020a6ee5b4e0,
0x0000020a6f196900, 0x0000020a6f1f9860
}

Java Threads: ( => current thread )
  0x0000020a4a5cf8c0 JavaThread "main" [_thread_blocked, id=12476, stack(0x000000b55e800000,0x000000b55e900000)]
  0x0000020a6d0edb50 JavaThread "Reference Handler" daemon [_thread_blocked, id=15264, stack(0x000000b55ef00000,0x000000b55f000000)]
  0x0000020a6d0f0620 JavaThread "Finalizer" daemon [_thread_blocked, id=19960, stack(0x000000b55f000000,0x000000b55f100000)]
  0x0000020a6d0ffe70 JavaThread "Signal Dispatcher" daemon [_thread_blocked, id=14780, stack(0x000000b55f100000,0x000000b55f200000)]
  0x0000020a6d102840 JavaThread "Attach Listener" daemon [_thread_blocked, id=8852, stack(0x000000b55f200000,0x000000b55f300000)]
  0x0000020a6d105110 JavaThread "Service Thread" daemon [_thread_blocked, id=22308, stack(0x000000b55f300000,0x000000b55f400000)]
  0x0000020a6d1059d0 JavaThread "Monitor Deflation Thread" daemon [_thread_blocked, id=21432, stack(0x000000b55f400000,0x000000b55f500000)]
  0x0000020a6d106bd0 JavaThread "C2 CompilerThread0" daemon [_thread_in_native, id=19688, stack(0x000000b55f500000,0x000000b55f600000)]
  0x0000020a6dc08140 JavaThread "C1 CompilerThread0" daemon [_thread_blocked, id=25456, stack(0x000000b55f600000,0x000000b55f700000)]
  0x0000020a6dc11b90 JavaThread "Sweeper thread" daemon [_thread_blocked, id=1224, stack(0x000000b55f700000,0x000000b55f800000)]
  0x0000020a6dcd7750 JavaThread "Common-Cleaner" daemon [_thread_blocked, id=22848, stack(0x000000b55f800000,0x000000b55f900000)]
  0x0000020a6dd47f80 JavaThread "C2 CompilerThread1" daemon [_thread_blocked, id=276, stack(0x000000b55f900000,0x000000b55fa00000)]
  0x0000020a6e36c660 JavaThread "Monitor Ctrl-Break" daemon [_thread_in_native, id=21108, stack(0x000000b55fb00000,0x000000b55fc00000)]
  0x0000020a6e48f210 JavaThread "Notification Thread" daemon [_thread_blocked, id=20092, stack(0x000000b55fc00000,0x000000b55fd00000)]
  0x0000020a6e185440 JavaThread "QuantumRenderer-0" daemon [_thread_blocked, id=17192, stack(0x000000b55fe00000,0x000000b55ff00000)]
  0x0000020a6dffdfe0 JavaThread "InvokeLaterDispatcher" daemon [_thread_blocked, id=22496, stack(0x000000b55ff00000,0x000000b560000000)]
  0x0000020a6e435210 JavaThread "JavaFX Application Thread" [_thread_in_native, id=3308, stack(0x000000b560000000,0x000000b560100000)]
  0x0000020a6ea47cc0 JavaThread "Thread-1" daemon [_thread_in_native, id=12036, stack(0x000000b560400000,0x000000b560500000)]
  0x0000020a6ea48190 JavaThread "JavaFX-Launcher" [_thread_blocked, id=24484, stack(0x000000b560500000,0x000000b560600000)]
  0x0000020a6ee5b4e0 JavaThread "Prism Font Disposer" daemon [_thread_blocked, id=23240, stack(0x000000b55fa00000,0x000000b55fb00000)]
  0x0000020a6f196900 JavaThread "mysql-cj-abandoned-connection-cleanup" daemon [_thread_blocked, id=18388, stack(0x000000b560b00000,0x000000b560c00000)]
=>0x0000020a6f1f9860 JavaThread "C2 CompilerThread2" daemon [_thread_in_native, id=23092, stack(0x000000b560c00000,0x000000b560d00000)]

Other Threads:
  0x0000020a6d0e88e0 VMThread "VM Thread" [stack: 0x000000b55ee00000,0x000000b55ef00000] [id=17208]
  0x0000020a4a63a450 WatcherThread [stack: 0x000000b55fd00000,0x000000b55fe00000] [id=22224]
  0x0000020a4a61d680 GCTaskThread "GC Thread#0" [stack: 0x000000b55e900000,0x000000b55ea00000] [id=9100]
  0x0000020a6ec6a490 GCTaskThread "GC Thread#1" [stack: 0x000000b560600000,0x000000b560700000] [id=8536]
  0x0000020a6ec4b440 GCTaskThread "GC Thread#2" [stack: 0x000000b560700000,0x000000b560800000] [id=19084]
  0x0000020a6ec86720 GCTaskThread "GC Thread#3" [stack: 0x000000b560800000,0x000000b560900000] [id=13020]
  0x0000020a6ecf4840 GCTaskThread "GC Thread#4" [stack: 0x000000b560900000,0x000000b560a00000] [id=272]
  0x0000020a6ecf4f00 GCTaskThread "GC Thread#5" [stack: 0x000000b560a00000,0x000000b560b00000] [id=19664]
  0x0000020a76eddd00 GCTaskThread "GC Thread#6" [stack: 0x000000b561000000,0x000000b561100000] [id=12656]
  0x0000020a76c288b0 GCTaskThread "GC Thread#7" [stack: 0x000000b561100000,0x000000b561200000] [id=7580]
  0x0000020a4a62f4a0 ConcurrentGCThread "G1 Main Marker" [stack: 0x000000b55ea00000,0x000000b55eb00000] [id=11932]
  0x0000020a4a62fdc0 ConcurrentGCThread "G1 Conc#0" [stack: 0x000000b55eb00000,0x000000b55ec00000] [id=19340]
  0x0000020a4a6aea30 ConcurrentGCThread "G1 Refine#0" [stack: 0x000000b55ec00000,0x000000b55ed00000] [id=14448]
  0x0000020a6f460720 ConcurrentGCThread "G1 Refine#1" [stack: 0x000000b561200000,0x000000b561300000] [id=19148]
  0x0000020a6f460a00 ConcurrentGCThread "G1 Refine#2" [stack: 0x000000b561300000,0x000000b561400000] [id=1028]
  0x0000020a6cfa48e0 ConcurrentGCThread "G1 Service" [stack: 0x000000b55ed00000,0x000000b55ee00000] [id=17676]

Threads with active compile tasks:
C2 CompilerThread0     1997 2449       4       javafx.scene.CssStyleHelper::resolveLookups (463 bytes)
C2 CompilerThread2     1997 2263       4       javafx.scene.CssStyleHelper::resolveRef (134 bytes)

VM state: not at safepoint (normal execution)

VM Mutex/Monitor currently owned by a thread: None

Heap address: 0x0000000704400000, size: 4028 MB, Compressed Oops mode: Zero based, Oop shift amount: 3

CDS archive(s) mapped at: [0x0000000800000000-0x0000000800bc0000-0x0000000800bc0000), size 12320768, SharedBaseAddress: 0x0000000800000000, ArchiveRelocationMode: 0.
Compressed class space mapped at: 0x0000000800c00000-0x0000000840c00000, reserved size: 1073741824
Narrow klass base: 0x0000000800000000, Narrow klass shift: 0, Narrow klass range: 0x100000000

GC Precious Log:
 CPUs: 8 total, 8 available
 Memory: 16106M
 Large Page Support: Disabled
 NUMA Support: Disabled
 Compressed Oops: Enabled (Zero based)
 Heap Region Size: 2M
 Heap Min Capacity: 8M
 Heap Initial Capacity: 252M
 Heap Max Capacity: 4028M
 Pre-touch: Disabled
 Parallel Workers: 8
 Concurrent Workers: 2
 Concurrent Refinement Workers: 8
 Periodic GC: Disabled

Heap:
 garbage-first heap   total 258048K, used 28234K [0x0000000704400000, 0x0000000800000000)
  region size 2048K, 14 young (28672K), 3 survivors (6144K)
 Metaspace       used 18771K, committed 19072K, reserved 1064960K
  class space    used 2739K, committed 2880K, reserved 1048576K

Heap Regions: E=young(eden), S=young(survivor), O=old, HS=humongous(starts), HC=humongous(continues), CS=collection set, F=free, OA=open archive, CA=closed archive, TAMS=top-at-mark-start (previous, next)
|   0|0x0000000704400000, 0x0000000704592a00, 0x0000000704600000| 78%| O|  |TAMS 0x0000000704400000, 0x0000000704400000| Untracked 
|   1|0x0000000704600000, 0x0000000704600000, 0x0000000704800000|  0%| F|  |TAMS 0x0000000704600000, 0x0000000704600000| Untracked 
|   2|0x0000000704800000, 0x0000000704800000, 0x0000000704a00000|  0%| F|  |TAMS 0x0000000704800000, 0x0000000704800000| Untracked 
|   3|0x0000000704a00000, 0x0000000704a00000, 0x0000000704c00000|  0%| F|  |TAMS 0x0000000704a00000, 0x0000000704a00000| Untracked 
|   4|0x0000000704c00000, 0x0000000704c00000, 0x0000000704e00000|  0%| F|  |TAMS 0x0000000704c00000, 0x0000000704c00000| Untracked 
|   5|0x0000000704e00000, 0x0000000704e00000, 0x0000000705000000|  0%| F|  |TAMS 0x0000000704e00000, 0x0000000704e00000| Untracked 
|   6|0x0000000705000000, 0x0000000705000000, 0x0000000705200000|  0%| F|  |TAMS 0x0000000705000000, 0x0000000705000000| Untracked 
|   7|0x0000000705200000, 0x0000000705200000, 0x0000000705400000|  0%| F|  |TAMS 0x0000000705200000, 0x0000000705200000| Untracked 
|   8|0x0000000705400000, 0x0000000705400000, 0x0000000705600000|  0%| F|  |TAMS 0x0000000705400000, 0x0000000705400000| Untracked 
|   9|0x0000000705600000, 0x0000000705600000, 0x0000000705800000|  0%| F|  |TAMS 0x0000000705600000, 0x0000000705600000| Untracked 
|  10|0x0000000705800000, 0x0000000705800000, 0x0000000705a00000|  0%| F|  |TAMS 0x0000000705800000, 0x0000000705800000| Untracked 
|  11|0x0000000705a00000, 0x0000000705a00000, 0x0000000705c00000|  0%| F|  |TAMS 0x0000000705a00000, 0x0000000705a00000| Untracked 
|  12|0x0000000705c00000, 0x0000000705c00000, 0x0000000705e00000|  0%| F|  |TAMS 0x0000000705c00000, 0x0000000705c00000| Untracked 
|  13|0x0000000705e00000, 0x0000000705e00000, 0x0000000706000000|  0%| F|  |TAMS 0x0000000705e00000, 0x0000000705e00000| Untracked 
|  14|0x0000000706000000, 0x0000000706000000, 0x0000000706200000|  0%| F|  |TAMS 0x0000000706000000, 0x0000000706000000| Untracked 
|  15|0x0000000706200000, 0x0000000706200000, 0x0000000706400000|  0%| F|  |TAMS 0x0000000706200000, 0x0000000706200000| Untracked 
|  16|0x0000000706400000, 0x0000000706400000, 0x0000000706600000|  0%| F|  |TAMS 0x0000000706400000, 0x0000000706400000| Untracked 
|  17|0x0000000706600000, 0x0000000706600000, 0x0000000706800000|  0%| F|  |TAMS 0x0000000706600000, 0x0000000706600000| Untracked 
|  18|0x0000000706800000, 0x0000000706800000, 0x0000000706a00000|  0%| F|  |TAMS 0x0000000706800000, 0x0000000706800000| Untracked 
|  19|0x0000000706a00000, 0x0000000706a00000, 0x0000000706c00000|  0%| F|  |TAMS 0x0000000706a00000, 0x0000000706a00000| Untracked 
|  20|0x0000000706c00000, 0x0000000706c00000, 0x0000000706e00000|  0%| F|  |TAMS 0x0000000706c00000, 0x0000000706c00000| Untracked 
|  21|0x0000000706e00000, 0x0000000706e00000, 0x0000000707000000|  0%| F|  |TAMS 0x0000000706e00000, 0x0000000706e00000| Untracked 
|  22|0x0000000707000000, 0x0000000707000000, 0x0000000707200000|  0%| F|  |TAMS 0x0000000707000000, 0x0000000707000000| Untracked 
|  23|0x0000000707200000, 0x0000000707200000, 0x0000000707400000|  0%| F|  |TAMS 0x0000000707200000, 0x0000000707200000| Untracked 
|  24|0x0000000707400000, 0x0000000707400000, 0x0000000707600000|  0%| F|  |TAMS 0x0000000707400000, 0x0000000707400000| Untracked 
|  25|0x0000000707600000, 0x0000000707600000, 0x0000000707800000|  0%| F|  |TAMS 0x0000000707600000, 0x0000000707600000| Untracked 
|  26|0x0000000707800000, 0x0000000707800000, 0x0000000707a00000|  0%| F|  |TAMS 0x0000000707800000, 0x0000000707800000| Untracked 
|  27|0x0000000707a00000, 0x0000000707a00000, 0x0000000707c00000|  0%| F|  |TAMS 0x0000000707a00000, 0x0000000707a00000| Untracked 
|  28|0x0000000707c00000, 0x0000000707c00000, 0x0000000707e00000|  0%| F|  |TAMS 0x0000000707c00000, 0x0000000707c00000| Untracked 
|  29|0x0000000707e00000, 0x0000000707e00000, 0x0000000708000000|  0%| F|  |TAMS 0x0000000707e00000, 0x0000000707e00000| Untracked 
|  30|0x0000000708000000, 0x0000000708000000, 0x0000000708200000|  0%| F|  |TAMS 0x0000000708000000, 0x0000000708000000| Untracked 
|  31|0x0000000708200000, 0x0000000708200000, 0x0000000708400000|  0%| F|  |TAMS 0x0000000708200000, 0x0000000708200000| Untracked 
|  32|0x0000000708400000, 0x0000000708400000, 0x0000000708600000|  0%| F|  |TAMS 0x0000000708400000, 0x0000000708400000| Untracked 
|  33|0x0000000708600000, 0x0000000708600000, 0x0000000708800000|  0%| F|  |TAMS 0x0000000708600000, 0x0000000708600000| Untracked 
|  34|0x0000000708800000, 0x0000000708800000, 0x0000000708a00000|  0%| F|  |TAMS 0x0000000708800000, 0x0000000708800000| Untracked 
|  35|0x0000000708a00000, 0x0000000708a00000, 0x0000000708c00000|  0%| F|  |TAMS 0x0000000708a00000, 0x0000000708a00000| Untracked 
|  36|0x0000000708c00000, 0x0000000708c00000, 0x0000000708e00000|  0%| F|  |TAMS 0x0000000708c00000, 0x0000000708c00000| Untracked 
|  37|0x0000000708e00000, 0x0000000708e00000, 0x0000000709000000|  0%| F|  |TAMS 0x0000000708e00000, 0x0000000708e00000| Untracked 
|  38|0x0000000709000000, 0x0000000709000000, 0x0000000709200000|  0%| F|  |TAMS 0x0000000709000000, 0x0000000709000000| Untracked 
|  39|0x0000000709200000, 0x0000000709200000, 0x0000000709400000|  0%| F|  |TAMS 0x0000000709200000, 0x0000000709200000| Untracked 
|  40|0x0000000709400000, 0x0000000709400000, 0x0000000709600000|  0%| F|  |TAMS 0x0000000709400000, 0x0000000709400000| Untracked 
|  41|0x0000000709600000, 0x0000000709600000, 0x0000000709800000|  0%| F|  |TAMS 0x0000000709600000, 0x0000000709600000| Untracked 
|  42|0x0000000709800000, 0x0000000709800000, 0x0000000709a00000|  0%| F|  |TAMS 0x0000000709800000, 0x0000000709800000| Untracked 
|  43|0x0000000709a00000, 0x0000000709a00000, 0x0000000709c00000|  0%| F|  |TAMS 0x0000000709a00000, 0x0000000709a00000| Untracked 
|  44|0x0000000709c00000, 0x0000000709c00000, 0x0000000709e00000|  0%| F|  |TAMS 0x0000000709c00000, 0x0000000709c00000| Untracked 
|  45|0x0000000709e00000, 0x0000000709e00000, 0x000000070a000000|  0%| F|  |TAMS 0x0000000709e00000, 0x0000000709e00000| Untracked 
|  46|0x000000070a000000, 0x000000070a000000, 0x000000070a200000|  0%| F|  |TAMS 0x000000070a000000, 0x000000070a000000| Untracked 
|  47|0x000000070a200000, 0x000000070a200000, 0x000000070a400000|  0%| F|  |TAMS 0x000000070a200000, 0x000000070a200000| Untracked 
|  48|0x000000070a400000, 0x000000070a400000, 0x000000070a600000|  0%| F|  |TAMS 0x000000070a400000, 0x000000070a400000| Untracked 
|  49|0x000000070a600000, 0x000000070a600000, 0x000000070a800000|  0%| F|  |TAMS 0x000000070a600000, 0x000000070a600000| Untracked 
|  50|0x000000070a800000, 0x000000070a800000, 0x000000070aa00000|  0%| F|  |TAMS 0x000000070a800000, 0x000000070a800000| Untracked 
|  51|0x000000070aa00000, 0x000000070aa00000, 0x000000070ac00000|  0%| F|  |TAMS 0x000000070aa00000, 0x000000070aa00000| Untracked 
|  52|0x000000070ac00000, 0x000000070ac00000, 0x000000070ae00000|  0%| F|  |TAMS 0x000000070ac00000, 0x000000070ac00000| Untracked 
|  53|0x000000070ae00000, 0x000000070ae00000, 0x000000070b000000|  0%| F|  |TAMS 0x000000070ae00000, 0x000000070ae00000| Untracked 
|  54|0x000000070b000000, 0x000000070b000000, 0x000000070b200000|  0%| F|  |TAMS 0x000000070b000000, 0x000000070b000000| Untracked 
|  55|0x000000070b200000, 0x000000070b200000, 0x000000070b400000|  0%| F|  |TAMS 0x000000070b200000, 0x000000070b200000| Untracked 
|  56|0x000000070b400000, 0x000000070b400000, 0x000000070b600000|  0%| F|  |TAMS 0x000000070b400000, 0x000000070b400000| Untracked 
|  57|0x000000070b600000, 0x000000070b600000, 0x000000070b800000|  0%| F|  |TAMS 0x000000070b600000, 0x000000070b600000| Untracked 
|  58|0x000000070b800000, 0x000000070b800000, 0x000000070ba00000|  0%| F|  |TAMS 0x000000070b800000, 0x000000070b800000| Untracked 
|  59|0x000000070ba00000, 0x000000070ba00000, 0x000000070bc00000|  0%| F|  |TAMS 0x000000070ba00000, 0x000000070ba00000| Untracked 
|  60|0x000000070bc00000, 0x000000070bc00000, 0x000000070be00000|  0%| F|  |TAMS 0x000000070bc00000, 0x000000070bc00000| Untracked 
|  61|0x000000070be00000, 0x000000070be00000, 0x000000070c000000|  0%| F|  |TAMS 0x000000070be00000, 0x000000070be00000| Untracked 
|  62|0x000000070c000000, 0x000000070c000000, 0x000000070c200000|  0%| F|  |TAMS 0x000000070c000000, 0x000000070c000000| Untracked 
|  63|0x000000070c200000, 0x000000070c200000, 0x000000070c400000|  0%| F|  |TAMS 0x000000070c200000, 0x000000070c200000| Untracked 
|  64|0x000000070c400000, 0x000000070c400000, 0x000000070c600000|  0%| F|  |TAMS 0x000000070c400000, 0x000000070c400000| Untracked 
|  65|0x000000070c600000, 0x000000070c600000, 0x000000070c800000|  0%| F|  |TAMS 0x000000070c600000, 0x000000070c600000| Untracked 
|  66|0x000000070c800000, 0x000000070c800000, 0x000000070ca00000|  0%| F|  |TAMS 0x000000070c800000, 0x000000070c800000| Untracked 
|  67|0x000000070ca00000, 0x000000070ca00000, 0x000000070cc00000|  0%| F|  |TAMS 0x000000070ca00000, 0x000000070ca00000| Untracked 
|  68|0x000000070cc00000, 0x000000070cc00000, 0x000000070ce00000|  0%| F|  |TAMS 0x000000070cc00000, 0x000000070cc00000| Untracked 
|  69|0x000000070ce00000, 0x000000070ce00000, 0x000000070d000000|  0%| F|  |TAMS 0x000000070ce00000, 0x000000070ce00000| Untracked 
|  70|0x000000070d000000, 0x000000070d000000, 0x000000070d200000|  0%| F|  |TAMS 0x000000070d000000, 0x000000070d000000| Untracked 
|  71|0x000000070d200000, 0x000000070d200000, 0x000000070d400000|  0%| F|  |TAMS 0x000000070d200000, 0x000000070d200000| Untracked 
|  72|0x000000070d400000, 0x000000070d400000, 0x000000070d600000|  0%| F|  |TAMS 0x000000070d400000, 0x000000070d400000| Untracked 
|  73|0x000000070d600000, 0x000000070d600000, 0x000000070d800000|  0%| F|  |TAMS 0x000000070d600000, 0x000000070d600000| Untracked 
|  74|0x000000070d800000, 0x000000070d800000, 0x000000070da00000|  0%| F|  |TAMS 0x000000070d800000, 0x000000070d800000| Untracked 
|  75|0x000000070da00000, 0x000000070da00000, 0x000000070dc00000|  0%| F|  |TAMS 0x000000070da00000, 0x000000070da00000| Untracked 
|  76|0x000000070dc00000, 0x000000070dc00000, 0x000000070de00000|  0%| F|  |TAMS 0x000000070dc00000, 0x000000070dc00000| Untracked 
|  77|0x000000070de00000, 0x000000070de00000, 0x000000070e000000|  0%| F|  |TAMS 0x000000070de00000, 0x000000070de00000| Untracked 
|  78|0x000000070e000000, 0x000000070e000000, 0x000000070e200000|  0%| F|  |TAMS 0x000000070e000000, 0x000000070e000000| Untracked 
|  79|0x000000070e200000, 0x000000070e200000, 0x000000070e400000|  0%| F|  |TAMS 0x000000070e200000, 0x000000070e200000| Untracked 
|  80|0x000000070e400000, 0x000000070e400000, 0x000000070e600000|  0%| F|  |TAMS 0x000000070e400000, 0x000000070e400000| Untracked 
|  81|0x000000070e600000, 0x000000070e600000, 0x000000070e800000|  0%| F|  |TAMS 0x000000070e600000, 0x000000070e600000| Untracked 
|  82|0x000000070e800000, 0x000000070e800000, 0x000000070ea00000|  0%| F|  |TAMS 0x000000070e800000, 0x000000070e800000| Untracked 
|  83|0x000000070ea00000, 0x000000070ea00000, 0x000000070ec00000|  0%| F|  |TAMS 0x000000070ea00000, 0x000000070ea00000| Untracked 
|  84|0x000000070ec00000, 0x000000070ec00000, 0x000000070ee00000|  0%| F|  |TAMS 0x000000070ec00000, 0x000000070ec00000| Untracked 
|  85|0x000000070ee00000, 0x000000070ee00000, 0x000000070f000000|  0%| F|  |TAMS 0x000000070ee00000, 0x000000070ee00000| Untracked 
|  86|0x000000070f000000, 0x000000070f000000, 0x000000070f200000|  0%| F|  |TAMS 0x000000070f000000, 0x000000070f000000| Untracked 
|  87|0x000000070f200000, 0x000000070f200000, 0x000000070f400000|  0%| F|  |TAMS 0x000000070f200000, 0x000000070f200000| Untracked 
|  88|0x000000070f400000, 0x000000070f400000, 0x000000070f600000|  0%| F|  |TAMS 0x000000070f400000, 0x000000070f400000| Untracked 
|  89|0x000000070f600000, 0x000000070f600000, 0x000000070f800000|  0%| F|  |TAMS 0x000000070f600000, 0x000000070f600000| Untracked 
|  90|0x000000070f800000, 0x000000070f800000, 0x000000070fa00000|  0%| F|  |TAMS 0x000000070f800000, 0x000000070f800000| Untracked 
|  91|0x000000070fa00000, 0x000000070fa00000, 0x000000070fc00000|  0%| F|  |TAMS 0x000000070fa00000, 0x000000070fa00000| Untracked 
|  92|0x000000070fc00000, 0x000000070fc00000, 0x000000070fe00000|  0%| F|  |TAMS 0x000000070fc00000, 0x000000070fc00000| Untracked 
|  93|0x000000070fe00000, 0x000000070fe00000, 0x0000000710000000|  0%| F|  |TAMS 0x000000070fe00000, 0x000000070fe00000| Untracked 
|  94|0x0000000710000000, 0x0000000710000000, 0x0000000710200000|  0%| F|  |TAMS 0x0000000710000000, 0x0000000710000000| Untracked 
|  95|0x0000000710200000, 0x0000000710200000, 0x0000000710400000|  0%| F|  |TAMS 0x0000000710200000, 0x0000000710200000| Untracked 
|  96|0x0000000710400000, 0x0000000710400000, 0x0000000710600000|  0%| F|  |TAMS 0x0000000710400000, 0x0000000710400000| Untracked 
|  97|0x0000000710600000, 0x0000000710600000, 0x0000000710800000|  0%| F|  |TAMS 0x0000000710600000, 0x0000000710600000| Untracked 
|  98|0x0000000710800000, 0x0000000710800000, 0x0000000710a00000|  0%| F|  |TAMS 0x0000000710800000, 0x0000000710800000| Untracked 
|  99|0x0000000710a00000, 0x0000000710a00000, 0x0000000710c00000|  0%| F|  |TAMS 0x0000000710a00000, 0x0000000710a00000| Untracked 
| 100|0x0000000710c00000, 0x0000000710c00000, 0x0000000710e00000|  0%| F|  |TAMS 0x0000000710c00000, 0x0000000710c00000| Untracked 
| 101|0x0000000710e00000, 0x0000000710e00000, 0x0000000711000000|  0%| F|  |TAMS 0x0000000710e00000, 0x0000000710e00000| Untracked 
| 102|0x0000000711000000, 0x0000000711000000, 0x0000000711200000|  0%| F|  |TAMS 0x0000000711000000, 0x0000000711000000| Untracked 
| 103|0x0000000711200000, 0x0000000711400000, 0x0000000711400000|100%| S|CS|TAMS 0x0000000711200000, 0x0000000711200000| Complete 
| 104|0x0000000711400000, 0x0000000711600000, 0x0000000711600000|100%| S|CS|TAMS 0x0000000711400000, 0x0000000711400000| Complete 
| 105|0x0000000711600000, 0x0000000711800000, 0x0000000711800000|100%| S|CS|TAMS 0x0000000711600000, 0x0000000711600000| Complete 
| 106|0x0000000711800000, 0x0000000711800000, 0x0000000711a00000|  0%| F|  |TAMS 0x0000000711800000, 0x0000000711800000| Untracked 
| 107|0x0000000711a00000, 0x0000000711a00000, 0x0000000711c00000|  0%| F|  |TAMS 0x0000000711a00000, 0x0000000711a00000| Untracked 
| 108|0x0000000711c00000, 0x0000000711c00000, 0x0000000711e00000|  0%| F|  |TAMS 0x0000000711c00000, 0x0000000711c00000| Untracked 
| 109|0x0000000711e00000, 0x0000000711e00000, 0x0000000712000000|  0%| F|  |TAMS 0x0000000711e00000, 0x0000000711e00000| Untracked 
| 110|0x0000000712000000, 0x0000000712000000, 0x0000000712200000|  0%| F|  |TAMS 0x0000000712000000, 0x0000000712000000| Untracked 
| 111|0x0000000712200000, 0x0000000712200000, 0x0000000712400000|  0%| F|  |TAMS 0x0000000712200000, 0x0000000712200000| Untracked 
| 112|0x0000000712400000, 0x0000000712400000, 0x0000000712600000|  0%| F|  |TAMS 0x0000000712400000, 0x0000000712400000| Untracked 
| 113|0x0000000712600000, 0x0000000712600000, 0x0000000712800000|  0%| F|  |TAMS 0x0000000712600000, 0x0000000712600000| Untracked 
| 114|0x0000000712800000, 0x0000000712800000, 0x0000000712a00000|  0%| F|  |TAMS 0x0000000712800000, 0x0000000712800000| Untracked 
| 115|0x0000000712a00000, 0x0000000712c00000, 0x0000000712c00000|100%| E|  |TAMS 0x0000000712a00000, 0x0000000712a00000| Complete 
| 116|0x0000000712c00000, 0x0000000712e00000, 0x0000000712e00000|100%| E|CS|TAMS 0x0000000712c00000, 0x0000000712c00000| Complete 
| 117|0x0000000712e00000, 0x0000000713000000, 0x0000000713000000|100%| E|CS|TAMS 0x0000000712e00000, 0x0000000712e00000| Complete 
| 118|0x0000000713000000, 0x0000000713200000, 0x0000000713200000|100%| E|CS|TAMS 0x0000000713000000, 0x0000000713000000| Complete 
| 119|0x0000000713200000, 0x0000000713400000, 0x0000000713400000|100%| E|CS|TAMS 0x0000000713200000, 0x0000000713200000| Complete 
| 120|0x0000000713400000, 0x0000000713600000, 0x0000000713600000|100%| E|CS|TAMS 0x0000000713400000, 0x0000000713400000| Complete 
| 121|0x0000000713600000, 0x0000000713800000, 0x0000000713800000|100%| E|CS|TAMS 0x0000000713600000, 0x0000000713600000| Complete 
| 122|0x0000000713800000, 0x0000000713a00000, 0x0000000713a00000|100%| E|CS|TAMS 0x0000000713800000, 0x0000000713800000| Complete 
| 123|0x0000000713a00000, 0x0000000713c00000, 0x0000000713c00000|100%| E|CS|TAMS 0x0000000713a00000, 0x0000000713a00000| Complete 
| 124|0x0000000713c00000, 0x0000000713e00000, 0x0000000713e00000|100%| E|CS|TAMS 0x0000000713c00000, 0x0000000713c00000| Complete 
| 125|0x0000000713e00000, 0x0000000714000000, 0x0000000714000000|100%| E|CS|TAMS 0x0000000713e00000, 0x0000000713e00000| Complete 

Card table byte_map: [0x0000020a618e0000,0x0000020a620c0000] _byte_map_base: 0x0000020a5e0be000

Marking Bits (Prev, Next): (CMBitMap*) 0x0000020a4a61efb0, (CMBitMap*) 0x0000020a4a61eff0
 Prev Bits: [0x0000020a628a0000, 0x0000020a66790000)
 Next Bits: [0x0000020a66790000, 0x0000020a6a680000)

Polling page: 0x0000020a48760000

Metaspace:

Usage:
  Non-class:     15.66 MB used.
      Class:      2.68 MB used.
       Both:     18.33 MB used.

Virtual space:
  Non-class space:       16.00 MB reserved,      15.81 MB ( 99%) committed,  2 nodes.
      Class space:        1.00 GB reserved,       2.81 MB ( <1%) committed,  1 nodes.
             Both:        1.02 GB reserved,      18.62 MB (  2%) committed. 

Chunk freelists:
   Non-Class:  224.00 KB
       Class:  1.23 MB
        Both:  1.45 MB

MaxMetaspaceSize: unlimited
CompressedClassSpaceSize: 1.00 GB
Initial GC threshold: 21.00 MB
Current GC threshold: 21.00 MB
CDS: on
MetaspaceReclaimPolicy: balanced
 - commit_granule_bytes: 65536.
 - commit_granule_words: 8192.
 - virtual_space_node_default_size: 1048576.
 - enlarge_chunks_in_place: 1.
 - new_chunks_are_fully_committed: 0.
 - uncommit_free_chunks: 1.
 - use_allocation_guard: 0.
 - handle_deallocations: 1.


Internal statistics:

num_allocs_failed_limit: 0.
num_arena_births: 188.
num_arena_deaths: 0.
num_vsnodes_births: 3.
num_vsnodes_deaths: 0.
num_space_committed: 298.
num_space_uncommitted: 0.
num_chunks_returned_to_freelist: 0.
num_chunks_taken_from_freelist: 797.
num_chunk_merges: 0.
num_chunk_splits: 559.
num_chunks_enlarged: 447.
num_purges: 0.
num_inconsistent_stats: 0.

CodeHeap 'non-profiled nmethods': size=120000Kb used=1095Kb max_used=1095Kb free=118904Kb
 bounds [0x0000020a598a0000, 0x0000020a59b10000, 0x0000020a60dd0000]
CodeHeap 'profiled nmethods': size=120000Kb used=5108Kb max_used=5108Kb free=114891Kb
 bounds [0x0000020a52370000, 0x0000020a52870000, 0x0000020a598a0000]
CodeHeap 'non-nmethods': size=5760Kb used=1415Kb max_used=1450Kb free=4344Kb
 bounds [0x0000020a51dd0000, 0x0000020a52040000, 0x0000020a52370000]
 total_blobs=3364 nmethods=2608 adapters=668
 compilation: enabled
              stopped_count=0, restarted_count=0
 full_count=0

Compilation events (20 events):
Event: 1.937 Thread 0x0000020a6dc08140 nmethod 2602 0x0000020a52865b10 code [0x0000020a52865d40, 0x0000020a528665d8]
Event: 1.937 Thread 0x0000020a6dc08140 2603       3       com.sun.javafx.geom.RectBounds::unionWith (82 bytes)
Event: 1.937 Thread 0x0000020a6dc08140 nmethod 2603 0x0000020a52866890 code [0x0000020a52866aa0, 0x0000020a52867138]
Event: 1.937 Thread 0x0000020a6dc08140 2604       3       com.sun.javafx.sg.prism.NGNode::<init> (102 bytes)
Event: 1.938 Thread 0x0000020a6dc08140 nmethod 2604 0x0000020a52867310 code [0x0000020a52867520, 0x0000020a52867db8]
Event: 1.938 Thread 0x0000020a6dc08140 2606       3       javafx.scene.Node::syncPeer (43 bytes)
Event: 1.938 Thread 0x0000020a6dc08140 nmethod 2606 0x0000020a52868010 code [0x0000020a52868240, 0x0000020a52868a78]
Event: 1.938 Thread 0x0000020a6dc08140 2605       3       java.util.Collections$EmptyList::iterator (4 bytes)
Event: 1.939 Thread 0x0000020a6dc08140 nmethod 2605 0x0000020a52868d10 code [0x0000020a52868ea0, 0x0000020a52869018]
Event: 1.939 Thread 0x0000020a6dc08140 2607       3       com.sun.javafx.sg.prism.NGNode::setTransformMatrix (280 bytes)
Event: 1.939 Thread 0x0000020a6dc08140 nmethod 2607 0x0000020a52869110 code [0x0000020a52869320, 0x0000020a52869a58]
Event: 1.939 Thread 0x0000020a6dc08140 2608       3       com.sun.javafx.geom.transform.Identity::equals (23 bytes)
Event: 1.939 Thread 0x0000020a6dc08140 nmethod 2608 0x0000020a52869c90 code [0x0000020a52869e40, 0x0000020a5286a2a8]
Event: 1.939 Thread 0x0000020a6dc08140 2594       3       javafx.scene.text.Text::getBoundsType (24 bytes)
Event: 1.940 Thread 0x0000020a6dc08140 nmethod 2594 0x0000020a5286a390 code [0x0000020a5286a560, 0x0000020a5286aa38]
Event: 1.940 Thread 0x0000020a6dc08140 2609       3       com.sun.javafx.sg.prism.NGShape::visualsChanged (26 bytes)
Event: 1.940 Thread 0x0000020a6dc08140 nmethod 2609 0x0000020a5286ab90 code [0x0000020a5286ad80, 0x0000020a5286b268]
Event: 1.942 Thread 0x0000020a6dc08140 2610       3       java.lang.invoke.LambdaFormEditor::getInCache (165 bytes)
Event: 1.943 Thread 0x0000020a6dc08140 nmethod 2610 0x0000020a5286b410 code [0x0000020a5286b680, 0x0000020a5286c598]
Event: 1.946 Thread 0x0000020a6dc08140 2612       3       java.util.WeakHashMap$HashIterator::hasNext (95 bytes)

GC Heap History (4 events):
Event: 0.664 GC heap before
{Heap before GC invocations=0 (full 0):
 garbage-first heap   total 258048K, used 22528K [0x0000000704400000, 0x0000000800000000)
  region size 2048K, 11 young (22528K), 0 survivors (0K)
 Metaspace       used 5263K, committed 5440K, reserved 1056768K
  class space    used 647K, committed 704K, reserved 1048576K
}
Event: 0.668 GC heap after
{Heap after GC invocations=1 (full 0):
 garbage-first heap   total 258048K, used 2769K [0x0000000704400000, 0x0000000800000000)
  region size 2048K, 2 young (4096K), 2 survivors (4096K)
 Metaspace       used 5263K, committed 5440K, reserved 1056768K
  class space    used 647K, committed 704K, reserved 1048576K
}
Event: 1.401 GC heap before
{Heap before GC invocations=1 (full 0):
 garbage-first heap   total 258048K, used 37585K [0x0000000704400000, 0x0000000800000000)
  region size 2048K, 20 young (40960K), 2 survivors (4096K)
 Metaspace       used 15644K, committed 15872K, reserved 1064960K
  class space    used 2167K, committed 2304K, reserved 1048576K
}
Event: 1.407 GC heap after
{Heap after GC invocations=2 (full 0):
 garbage-first heap   total 258048K, used 7754K [0x0000000704400000, 0x0000000800000000)
  region size 2048K, 3 young (6144K), 3 survivors (6144K)
 Metaspace       used 15644K, committed 15872K, reserved 1064960K
  class space    used 2167K, committed 2304K, reserved 1048576K
}

Deoptimization events (20 events):
Event: 1.807 Thread 0x0000020a6e435210 Uncommon trap: trap_request=0xffffffd6 fr.pc=0x0000020a59996d00 relative=0x0000000000000240
Event: 1.807 Thread 0x0000020a6e435210 Uncommon trap: reason=array_check action=maybe_recompile pc=0x0000020a59996d00 method=javafx.css.SimpleSelector.applies(Ljavafx/css/Styleable;[Ljava/util/Set;I)Z @ 37 c2
Event: 1.807 Thread 0x0000020a6e435210 DEOPT PACKING pc=0x0000020a59996d00 sp=0x000000b5600fce50
Event: 1.807 Thread 0x0000020a6e435210 DEOPT UNPACKING pc=0x0000020a51e25c23 sp=0x000000b5600fcdf8 mode 2
Event: 1.807 Thread 0x0000020a6e435210 Uncommon trap: trap_request=0xffffffd6 fr.pc=0x0000020a59996d00 relative=0x0000000000000240
Event: 1.807 Thread 0x0000020a6e435210 Uncommon trap: reason=array_check action=maybe_recompile pc=0x0000020a59996d00 method=javafx.css.SimpleSelector.applies(Ljavafx/css/Styleable;[Ljava/util/Set;I)Z @ 37 c2
Event: 1.807 Thread 0x0000020a6e435210 DEOPT PACKING pc=0x0000020a59996d00 sp=0x000000b5600fce70
Event: 1.807 Thread 0x0000020a6e435210 DEOPT UNPACKING pc=0x0000020a51e25c23 sp=0x000000b5600fce18 mode 2
Event: 1.807 Thread 0x0000020a6e435210 Uncommon trap: trap_request=0xffffffd6 fr.pc=0x0000020a59996d00 relative=0x0000000000000240
Event: 1.807 Thread 0x0000020a6e435210 Uncommon trap: reason=array_check action=maybe_recompile pc=0x0000020a59996d00 method=javafx.css.SimpleSelector.applies(Ljavafx/css/Styleable;[Ljava/util/Set;I)Z @ 37 c2
Event: 1.807 Thread 0x0000020a6e435210 DEOPT PACKING pc=0x0000020a59996d00 sp=0x000000b5600fcf70
Event: 1.807 Thread 0x0000020a6e435210 DEOPT UNPACKING pc=0x0000020a51e25c23 sp=0x000000b5600fcf18 mode 2
Event: 1.807 Thread 0x0000020a6e435210 Uncommon trap: trap_request=0xffffffd6 fr.pc=0x0000020a59996d00 relative=0x0000000000000240
Event: 1.807 Thread 0x0000020a6e435210 Uncommon trap: reason=array_check action=maybe_recompile pc=0x0000020a59996d00 method=javafx.css.SimpleSelector.applies(Ljavafx/css/Styleable;[Ljava/util/Set;I)Z @ 37 c2
Event: 1.807 Thread 0x0000020a6e435210 DEOPT PACKING pc=0x0000020a59996d00 sp=0x000000b5600fce70
Event: 1.807 Thread 0x0000020a6e435210 DEOPT UNPACKING pc=0x0000020a51e25c23 sp=0x000000b5600fce18 mode 2
Event: 1.839 Thread 0x0000020a6e435210 Uncommon trap: trap_request=0xffffffd6 fr.pc=0x0000020a5999b5cc relative=0x00000000000010cc
Event: 1.839 Thread 0x0000020a6e435210 Uncommon trap: reason=array_check action=maybe_recompile pc=0x0000020a5999b5cc method=javafx.css.SimpleSelector.applies(Ljavafx/css/Styleable;[Ljava/util/Set;I)Z @ 37 c2
Event: 1.839 Thread 0x0000020a6e435210 DEOPT PACKING pc=0x0000020a5999b5cc sp=0x000000b5600fd2b0
Event: 1.839 Thread 0x0000020a6e435210 DEOPT UNPACKING pc=0x0000020a51e25c23 sp=0x000000b5600fd210 mode 2

Classes unloaded (0 events):
No events

Classes redefined (0 events):
No events

Internal exceptions (20 events):
Event: 0.982 Thread 0x0000020a6e435210 Exception <a 'java/lang/NoSuchMethodError'{0x0000000712ccd0b0}: 'java.lang.Object java.lang.invoke.DirectMethodHandle$Holder.invokeInterface(java.lang.Object, java.lang.Object)'> (0x0000000712ccd0b0) 
thrown [t:\workspace\open\src\hotspot\share\interpreter\linkResolver.cpp, line 766]
Event: 0.985 Thread 0x0000020a6e435210 Exception <a 'sun/nio/fs/WindowsException'{0x0000000712cd70a8}> (0x0000000712cd70a8) 
thrown [t:\workspace\open\src\hotspot\share\prims\jni.cpp, line 516]
Event: 0.986 Thread 0x0000020a6e435210 Exception <a 'sun/nio/fs/WindowsException'{0x0000000712cd9a50}> (0x0000000712cd9a50) 
thrown [t:\workspace\open\src\hotspot\share\prims\jni.cpp, line 516]
Event: 0.994 Thread 0x0000020a6e435210 Exception <a 'sun/nio/fs/WindowsException'{0x0000000712d31538}> (0x0000000712d31538) 
thrown [t:\workspace\open\src\hotspot\share\prims\jni.cpp, line 516]
Event: 0.995 Thread 0x0000020a6e435210 Exception <a 'sun/nio/fs/WindowsException'{0x0000000712d34bf0}> (0x0000000712d34bf0) 
thrown [t:\workspace\open\src\hotspot\share\prims\jni.cpp, line 516]
Event: 0.999 Thread 0x0000020a6e435210 Exception <a 'java/lang/NoSuchMethodError'{0x0000000712d470c0}: 'java.lang.Object java.lang.invoke.DirectMethodHandle$Holder.invokeVirtual(java.lang.Object, java.lang.Object, java.lang.Object)'> (0x0000000712d470c0) 
thrown [t:\workspace\open\src\hotspot\share\interpreter\linkResolver.cpp, line 766]
Event: 1.203 Thread 0x0000020a6e435210 Exception <a 'sun/nio/fs/WindowsException'{0x00000007120bc640}> (0x00000007120bc640) 
thrown [t:\workspace\open\src\hotspot\share\prims\jni.cpp, line 516]
Event: 1.212 Thread 0x0000020a6e435210 Implicit null exception at 0x0000020a598bdbd9 to 0x0000020a598bde4c
Event: 1.221 Thread 0x0000020a6e435210 Implicit null exception at 0x0000020a598fd72e to 0x0000020a598fdf28
Event: 1.318 Thread 0x0000020a6e435210 Exception <a 'java/lang/ClassNotFoundException'{0x0000000711de3be8}: com/sun/javafx/scene/control/skin/resources/controls> (0x0000000711de3be8) 
thrown [t:\workspace\open\src\hotspot\share\prims\jni.cpp, line 535]
Event: 1.319 Thread 0x0000020a6e435210 Exception <a 'java/lang/ClassNotFoundException'{0x0000000711df1b88}: com/sun/javafx/scene/control/skin/resources/controls_en> (0x0000000711df1b88) 
thrown [t:\workspace\open\src\hotspot\share\prims\jni.cpp, line 535]
Event: 1.319 Thread 0x0000020a6e435210 Exception <a 'java/lang/ClassNotFoundException'{0x0000000711df2bb8}: com/sun/javafx/scene/control/skin/resources/controls_en_US> (0x0000000711df2bb8) 
thrown [t:\workspace\open\src\hotspot\share\prims\jni.cpp, line 535]
Event: 1.345 Thread 0x0000020a6e435210 Exception <a 'java/lang/NoSuchMethodError'{0x0000000711b475c0}: 'java.lang.Object java.lang.invoke.DirectMethodHandle$Holder.invokeInterface(java.lang.Object, java.lang.Object, java.lang.Object)'> (0x0000000711b475c0) 
thrown [t:\workspace\open\src\hotspot\share\interpreter\linkResolver.cpp, line 766]
Event: 1.346 Thread 0x0000020a6e435210 Exception <a 'java/lang/IncompatibleClassChangeError'{0x0000000711b4ac88}: Found class java.lang.Object, but interface was expected> (0x0000000711b4ac88) 
thrown [t:\workspace\open\src\hotspot\share\interpreter\linkResolver.cpp, line 833]
Event: 1.411 Thread 0x0000020a6f196900 Exception <a 'sun/nio/fs/WindowsException'{0x0000000713f172e0}> (0x0000000713f172e0) 
thrown [t:\workspace\open\src\hotspot\share\prims\jni.cpp, line 516]
Event: 1.608 Thread 0x0000020a6e435210 Exception <a 'java/lang/NoSuchMethodError'{0x000000071393c768}: 'void java.lang.invoke.DirectMethodHandle$Holder.invokeSpecial(java.lang.Object, java.lang.Object, java.lang.Object, java.lang.Object, java.lang.Object, java.lang.Object)'> (0x000000071393c768) 
thrown [t:\workspace\open\src\hotspot\share\interpreter\linkResolver.cpp, line 766]
Event: 1.682 Thread 0x0000020a6e435210 Exception <a 'java/lang/NoSuchMethodError'{0x00000007134df070}: 'void java.lang.invoke.DirectMethodHandle$Holder.invokeSpecialIFC(java.lang.Object, java.lang.Object, java.lang.Object, java.lang.Object)'> (0x00000007134df070) 
thrown [t:\workspace\open\src\hotspot\share\interpreter\linkResolver.cpp, line 766]
Event: 1.706 Thread 0x0000020a6e435210 Exception <a 'java/lang/NoSuchMethodError'{0x00000007135f3fa8}: 'int java.lang.invoke.DirectMethodHandle$Holder.invokeSpecial(java.lang.Object, java.lang.Object, int)'> (0x00000007135f3fa8) 
thrown [t:\workspace\open\src\hotspot\share\interpreter\linkResolver.cpp, line 766]
Event: 1.855 Thread 0x0000020a6e435210 Exception <a 'java/lang/NoSuchMethodError'{0x0000000712f9a490}: 'java.lang.Object java.lang.invoke.DirectMethodHandle$Holder.newInvokeSpecial(java.lang.Object, java.lang.Object, int)'> (0x0000000712f9a490) 
thrown [t:\workspace\open\src\hotspot\share\interpreter\linkResolver.cpp, line 766]
Event: 1.941 Thread 0x0000020a6e185440 Exception <a 'java/lang/NoSuchMethodError'{0x0000000712b1b5b0}: 'int java.lang.invoke.DirectMethodHandle$Holder.invokeStaticInit(java.lang.Object, java.lang.Object)'> (0x0000000712b1b5b0) 
thrown [t:\workspace\open\src\hotspot\share\interpreter\linkResolver.cpp, line 766]

VM Operations (20 events):
Event: 0.660 Executing VM operation: ICBufferFull
Event: 0.660 Executing VM operation: ICBufferFull done
Event: 0.664 Executing VM operation: G1CollectForAllocation
Event: 0.668 Executing VM operation: G1CollectForAllocation done
Event: 0.787 Executing VM operation: HandshakeAllThreads
Event: 0.787 Executing VM operation: HandshakeAllThreads done
Event: 0.963 Executing VM operation: HandshakeAllThreads
Event: 0.963 Executing VM operation: HandshakeAllThreads done
Event: 0.983 Executing VM operation: HandshakeAllThreads
Event: 0.983 Executing VM operation: HandshakeAllThreads done
Event: 1.131 Executing VM operation: ICBufferFull
Event: 1.131 Executing VM operation: ICBufferFull done
Event: 1.401 Executing VM operation: G1CollectForAllocation
Event: 1.407 Executing VM operation: G1CollectForAllocation done
Event: 1.491 Executing VM operation: HandshakeAllThreads
Event: 1.491 Executing VM operation: HandshakeAllThreads done
Event: 1.528 Executing VM operation: ICBufferFull
Event: 1.528 Executing VM operation: ICBufferFull done
Event: 1.836 Executing VM operation: ICBufferFull
Event: 1.836 Executing VM operation: ICBufferFull done

Events (20 events):
Event: 1.480 loading class jdk/internal/icu/text/UTF16
Event: 1.481 loading class jdk/internal/icu/text/UTF16 done
Event: 1.481 loading class jdk/internal/icu/text/BidiLine
Event: 1.481 loading class jdk/internal/icu/text/BidiLine done
Event: 1.642 loading class java/lang/FdLibm$Hypot
Event: 1.642 loading class java/lang/FdLibm$Hypot done
Event: 1.642 loading class java/lang/FdLibm
Event: 1.642 loading class java/lang/FdLibm done
Event: 1.671 loading class java/util/BitSet$1BitSetSpliterator
Event: 1.671 loading class java/util/BitSet$1BitSetSpliterator done
Event: 1.672 loading class java/util/stream/IntPipeline$1
Event: 1.672 loading class java/util/stream/IntPipeline$1 done
Event: 1.672 loading class java/util/stream/IntPipeline$1$1
Event: 1.672 loading class java/util/stream/IntPipeline$1$1 done
Event: 1.863 loading class java/util/WeakHashMap$EntrySet
Event: 1.864 loading class java/util/WeakHashMap$EntrySet done
Event: 1.864 loading class java/util/WeakHashMap$EntryIterator
Event: 1.864 loading class java/util/WeakHashMap$EntryIterator done
Event: 1.865 loading class java/util/ConcurrentModificationException
Event: 1.865 loading class java/util/ConcurrentModificationException done


Dynamic libraries:
0x00007ff77fe20000 - 0x00007ff77fe2e000 	C:\Users\DELL\.jdks\openjdk-17.0.1\bin\java.exe
0x00007ff832e90000 - 0x00007ff833088000 	C:\Windows\SYSTEM32\ntdll.dll
0x00007ff832260000 - 0x00007ff83231f000 	C:\Windows\System32\KERNEL32.DLL
0x00007ff8306d0000 - 0x00007ff8309c6000 	C:\Windows\System32\KERNELBASE.dll
0x00007ff830af0000 - 0x00007ff830bf0000 	C:\Windows\System32\ucrtbase.dll
0x00007ff81a190000 - 0x00007ff81a1aa000 	C:\Users\DELL\.jdks\openjdk-17.0.1\bin\VCRUNTIME140.dll
0x00007ff821b20000 - 0x00007ff821b38000 	C:\Users\DELL\.jdks\openjdk-17.0.1\bin\jli.dll
0x00007ff831bc0000 - 0x00007ff831d5d000 	C:\Windows\System32\USER32.dll
0x00007ff810c00000 - 0x00007ff810e9a000 	C:\Windows\WinSxS\amd64_microsoft.windows.common-controls_6595b64144ccf1df_6.0.19041.1110_none_60b5254171f9507e\COMCTL32.dll
0x00007ff8306a0000 - 0x00007ff8306c2000 	C:\Windows\System32\win32u.dll
0x00007ff832e20000 - 0x00007ff832e4c000 	C:\Windows\System32\GDI32.dll
0x00007ff832380000 - 0x00007ff83241e000 	C:\Windows\System32\msvcrt.dll
0x00007ff8309d0000 - 0x00007ff830ae5000 	C:\Windows\System32\gdi32full.dll
0x00007ff830bf0000 - 0x00007ff830c8d000 	C:\Windows\System32\msvcp_win.dll
0x00007ff831b80000 - 0x00007ff831bb0000 	C:\Windows\System32\IMM32.DLL
0x00007ff823df0000 - 0x00007ff823dfc000 	C:\Users\DELL\.jdks\openjdk-17.0.1\bin\vcruntime140_1.dll
0x00007fffe9570000 - 0x00007fffe95fd000 	C:\Users\DELL\.jdks\openjdk-17.0.1\bin\msvcp140.dll
0x00007fffb1640000 - 0x00007fffb21fe000 	C:\Users\DELL\.jdks\openjdk-17.0.1\bin\server\jvm.dll
0x00007ff8312a0000 - 0x00007ff83134f000 	C:\Windows\System32\ADVAPI32.dll
0x00007ff8329c0000 - 0x00007ff832a5c000 	C:\Windows\System32\sechost.dll
0x00007ff8324d0000 - 0x00007ff8325f6000 	C:\Windows\System32\RPCRT4.dll
0x00007ff8329b0000 - 0x00007ff8329b8000 	C:\Windows\System32\PSAPI.DLL
0x00007ff827110000 - 0x00007ff82711a000 	C:\Windows\SYSTEM32\VERSION.dll
0x00007ff827c50000 - 0x00007ff827c59000 	C:\Windows\SYSTEM32\WSOCK32.dll
0x00007ff82eb10000 - 0x00007ff82eb37000 	C:\Windows\SYSTEM32\WINMM.dll
0x00007ff832600000 - 0x00007ff83266b000 	C:\Windows\System32\WS2_32.dll
0x00007ff82ed80000 - 0x00007ff82ed92000 	C:\Windows\SYSTEM32\kernel.appcore.dll
0x00007ff817460000 - 0x00007ff81746a000 	C:\Users\DELL\.jdks\openjdk-17.0.1\bin\jimage.dll
0x00007ff82e8e0000 - 0x00007ff82eac4000 	C:\Windows\SYSTEM32\DBGHELP.DLL
0x00007ff82ead0000 - 0x00007ff82eb04000 	C:\Windows\SYSTEM32\dbgcore.DLL
0x00007ff830570000 - 0x00007ff8305f2000 	C:\Windows\System32\bcryptPrimitives.dll
0x00007ff829bd0000 - 0x00007ff829bde000 	C:\Users\DELL\.jdks\openjdk-17.0.1\bin\instrument.dll
0x00007ff817430000 - 0x00007ff817455000 	C:\Users\DELL\.jdks\openjdk-17.0.1\bin\java.dll
0x00007fffe1380000 - 0x00007fffe1456000 	C:\Users\DELL\.jdks\openjdk-17.0.1\bin\svml.dll
0x00007ff831430000 - 0x00007ff831b74000 	C:\Windows\System32\SHELL32.dll
0x00007ff82e070000 - 0x00007ff82e803000 	C:\Windows\SYSTEM32\windows.storage.dll
0x00007ff832a60000 - 0x00007ff832db4000 	C:\Windows\System32\combase.dll
0x00007ff82ffd0000 - 0x00007ff82fffe000 	C:\Windows\SYSTEM32\Wldp.dll
0x00007ff832420000 - 0x00007ff8324cd000 	C:\Windows\System32\SHCORE.dll
0x00007ff8328d0000 - 0x00007ff832925000 	C:\Windows\System32\shlwapi.dll
0x00007ff8304b0000 - 0x00007ff8304cf000 	C:\Windows\SYSTEM32\profapi.dll
0x00007ff815b40000 - 0x00007ff815b59000 	C:\Users\DELL\.jdks\openjdk-17.0.1\bin\net.dll
0x00007ff82b2f0000 - 0x00007ff82b3fa000 	C:\Windows\SYSTEM32\WINHTTP.dll
0x00007ff82fd30000 - 0x00007ff82fd9a000 	C:\Windows\system32\mswsock.dll
0x00007ff815b20000 - 0x00007ff815b35000 	C:\Users\DELL\.jdks\openjdk-17.0.1\bin\nio.dll
0x00007ff811480000 - 0x00007ff811498000 	C:\Users\DELL\.jdks\openjdk-17.0.1\bin\zip.dll
0x00007ff823fa0000 - 0x00007ff823fba000 	E:\Complier\IntelliJ IDEA Community Edition 2022.2.2\bin\breakgen64.dll
0x0000020a4a590000 - 0x0000020a4a593000 	C:\Users\DELL\.openjfx\cache\17.0.2-ea\api-ms-win-core-console-l1-1-0.dll
0x0000020a4a5a0000 - 0x0000020a4a5a3000 	C:\Users\DELL\.openjfx\cache\17.0.2-ea\api-ms-win-core-console-l1-2-0.dll
0x0000020a6d210000 - 0x0000020a6d213000 	C:\Users\DELL\.openjfx\cache\17.0.2-ea\api-ms-win-core-datetime-l1-1-0.dll
0x0000020a6d220000 - 0x0000020a6d223000 	C:\Users\DELL\.openjfx\cache\17.0.2-ea\api-ms-win-core-debug-l1-1-0.dll
0x0000020a6d230000 - 0x0000020a6d233000 	C:\Users\DELL\.openjfx\cache\17.0.2-ea\api-ms-win-core-errorhandling-l1-1-0.dll
0x0000020a6d240000 - 0x0000020a6d244000 	C:\Users\DELL\.openjfx\cache\17.0.2-ea\api-ms-win-core-file-l1-1-0.dll
0x0000020a6d250000 - 0x0000020a6d253000 	C:\Users\DELL\.openjfx\cache\17.0.2-ea\api-ms-win-core-file-l1-2-0.dll
0x0000020a6d260000 - 0x0000020a6d263000 	C:\Users\DELL\.openjfx\cache\17.0.2-ea\api-ms-win-core-file-l2-1-0.dll
0x0000020a6d270000 - 0x0000020a6d273000 	C:\Users\DELL\.openjfx\cache\17.0.2-ea\api-ms-win-core-handle-l1-1-0.dll
0x0000020a6d280000 - 0x0000020a6d283000 	C:\Users\DELL\.openjfx\cache\17.0.2-ea\api-ms-win-core-heap-l1-1-0.dll
0x0000020a6d290000 - 0x0000020a6d293000 	C:\Users\DELL\.openjfx\cache\17.0.2-ea\api-ms-win-core-interlocked-l1-1-0.dll
0x0000020a6d2a0000 - 0x0000020a6d2a3000 	C:\Users\DELL\.openjfx\cache\17.0.2-ea\api-ms-win-core-libraryloader-l1-1-0.dll
0x0000020a6d2b0000 - 0x0000020a6d2b3000 	C:\Users\DELL\.openjfx\cache\17.0.2-ea\api-ms-win-core-localization-l1-2-0.dll
0x0000020a6d2c0000 - 0x0000020a6d2c3000 	C:\Users\DELL\.openjfx\cache\17.0.2-ea\api-ms-win-core-memory-l1-1-0.dll
0x0000020a6d2d0000 - 0x0000020a6d2d3000 	C:\Users\DELL\.openjfx\cache\17.0.2-ea\api-ms-win-core-namedpipe-l1-1-0.dll
0x0000020a6d2e0000 - 0x0000020a6d2e3000 	C:\Users\DELL\.openjfx\cache\17.0.2-ea\api-ms-win-core-processenvironment-l1-1-0.dll
0x0000020a6d2f0000 - 0x0000020a6d2f3000 	C:\Users\DELL\.openjfx\cache\17.0.2-ea\api-ms-win-core-processthreads-l1-1-0.dll
0x0000020a6d300000 - 0x0000020a6d303000 	C:\Users\DELL\.openjfx\cache\17.0.2-ea\api-ms-win-core-processthreads-l1-1-1.dll
0x0000020a6d310000 - 0x0000020a6d313000 	C:\Users\DELL\.openjfx\cache\17.0.2-ea\api-ms-win-core-profile-l1-1-0.dll
0x0000020a6d320000 - 0x0000020a6d323000 	C:\Users\DELL\.openjfx\cache\17.0.2-ea\api-ms-win-core-rtlsupport-l1-1-0.dll
0x0000020a6d330000 - 0x0000020a6d333000 	C:\Users\DELL\.openjfx\cache\17.0.2-ea\api-ms-win-core-string-l1-1-0.dll
0x0000020a6d340000 - 0x0000020a6d343000 	C:\Users\DELL\.openjfx\cache\17.0.2-ea\api-ms-win-core-synch-l1-1-0.dll
0x0000020a6d350000 - 0x0000020a6d353000 	C:\Users\DELL\.openjfx\cache\17.0.2-ea\api-ms-win-core-synch-l1-2-0.dll
0x0000020a6d360000 - 0x0000020a6d363000 	C:\Users\DELL\.openjfx\cache\17.0.2-ea\api-ms-win-core-sysinfo-l1-1-0.dll
0x0000020a6d370000 - 0x0000020a6d373000 	C:\Users\DELL\.openjfx\cache\17.0.2-ea\api-ms-win-core-timezone-l1-1-0.dll
0x0000020a6d380000 - 0x0000020a6d383000 	C:\Users\DELL\.openjfx\cache\17.0.2-ea\api-ms-win-core-util-l1-1-0.dll
0x0000020a6d390000 - 0x0000020a6d393000 	C:\Users\DELL\.openjfx\cache\17.0.2-ea\api-ms-win-crt-conio-l1-1-0.dll
0x0000020a6d3a0000 - 0x0000020a6d3a4000 	C:\Users\DELL\.openjfx\cache\17.0.2-ea\api-ms-win-crt-convert-l1-1-0.dll
0x0000020a6d3b0000 - 0x0000020a6d3b3000 	C:\Users\DELL\.openjfx\cache\17.0.2-ea\api-ms-win-crt-environment-l1-1-0.dll
0x0000020a6d3c0000 - 0x0000020a6d3c3000 	C:\Users\DELL\.openjfx\cache\17.0.2-ea\api-ms-win-crt-filesystem-l1-1-0.dll
0x0000020a6d3d0000 - 0x0000020a6d3d3000 	C:\Users\DELL\.openjfx\cache\17.0.2-ea\api-ms-win-crt-heap-l1-1-0.dll
0x0000020a6d3e0000 - 0x0000020a6d3e3000 	C:\Users\DELL\.openjfx\cache\17.0.2-ea\api-ms-win-crt-locale-l1-1-0.dll
0x0000020a6d3f0000 - 0x0000020a6d3f5000 	C:\Users\DELL\.openjfx\cache\17.0.2-ea\api-ms-win-crt-math-l1-1-0.dll
0x0000020a6e800000 - 0x0000020a6e805000 	C:\Users\DELL\.openjfx\cache\17.0.2-ea\api-ms-win-crt-multibyte-l1-1-0.dll
0x0000020a6e810000 - 0x0000020a6e820000 	C:\Users\DELL\.openjfx\cache\17.0.2-ea\api-ms-win-crt-private-l1-1-0.dll
0x0000020a6e820000 - 0x0000020a6e823000 	C:\Users\DELL\.openjfx\cache\17.0.2-ea\api-ms-win-crt-process-l1-1-0.dll
0x0000020a6e830000 - 0x0000020a6e834000 	C:\Users\DELL\.openjfx\cache\17.0.2-ea\api-ms-win-crt-runtime-l1-1-0.dll
0x0000020a6e840000 - 0x0000020a6e844000 	C:\Users\DELL\.openjfx\cache\17.0.2-ea\api-ms-win-crt-stdio-l1-1-0.dll
0x0000020a6e850000 - 0x0000020a6e854000 	C:\Users\DELL\.openjfx\cache\17.0.2-ea\api-ms-win-crt-string-l1-1-0.dll
0x0000020a6e860000 - 0x0000020a6e863000 	C:\Users\DELL\.openjfx\cache\17.0.2-ea\api-ms-win-crt-time-l1-1-0.dll
0x0000020a6e870000 - 0x0000020a6e873000 	C:\Users\DELL\.openjfx\cache\17.0.2-ea\api-ms-win-crt-utility-l1-1-0.dll
0x00007ff810f40000 - 0x00007ff81103c000 	C:\Users\DELL\.openjfx\cache\17.0.2-ea\ucrtbase.dll
0x00007ff816180000 - 0x00007ff81619a000 	C:\Users\DELL\.openjfx\cache\17.0.2-ea\vcruntime140.dll
0x00007ff8172f0000 - 0x00007ff8172fc000 	C:\Users\DELL\.openjfx\cache\17.0.2-ea\vcruntime140_1.dll
0x00007ffff2780000 - 0x00007ffff280d000 	C:\Users\DELL\.openjfx\cache\17.0.2-ea\msvcp140.dll
0x00007ff814ca0000 - 0x00007ff814cca000 	C:\Users\DELL\.openjfx\cache\17.0.2-ea\prism_d3d.dll
0x00007fff97c80000 - 0x00007fff97e4d000 	C:\Windows\system32\d3d9.dll
0x00007ff82dd60000 - 0x00007ff82dd8f000 	C:\Windows\SYSTEM32\dwmapi.dll
0x00007ff82d8b0000 - 0x00007ff82d94e000 	C:\Windows\system32\uxtheme.dll
0x00007fffcd0c0000 - 0x00007fffcd26b000 	C:\Windows\System32\DriverStore\FileRepository\iigd_dch.inf_amd64_4a6499af445e8e69\igdumdim64.dll
0x00007ff830ef0000 - 0x00007ff83101a000 	C:\Windows\System32\ole32.dll
0x00007fff79310000 - 0x00007fff7cf85000 	C:\Windows\System32\DriverStore\FileRepository\iigd_dch.inf_amd64_4a6499af445e8e69\igd9dxva64.dll
0x00007ff8310b0000 - 0x00007ff83117d000 	C:\Windows\System32\OLEAUT32.dll
0x00007ff831d60000 - 0x00007ff8321c8000 	C:\Windows\System32\SETUPAPI.dll
0x00007ff830c90000 - 0x00007ff830cde000 	C:\Windows\System32\cfgmgr32.dll
0x00007ff830600000 - 0x00007ff830627000 	C:\Windows\System32\bcrypt.dll
0x00007ff8249f0000 - 0x00007ff824dd9000 	C:\Windows\System32\DriverStore\FileRepository\iigd_dch.inf_amd64_4a6499af445e8e69\igdgmm64.dll
0x00007ffffa840000 - 0x00007ffffa882000 	C:\Users\DELL\.openjfx\cache\17.0.2-ea\glass.dll
0x00007ff831350000 - 0x00007ff83142a000 	C:\Windows\System32\COMDLG32.dll
0x00007ff831180000 - 0x00007ff831294000 	C:\Windows\System32\MSCTF.dll
0x00007ff815640000 - 0x00007ff815667000 	C:\Windows\System32\DriverStore\FileRepository\iigd_dch.inf_amd64_4a6499af445e8e69\igdinfo64.dll
0x00007ff81e020000 - 0x00007ff821757000 	C:\Windows\System32\DriverStore\FileRepository\iigd_dch.inf_amd64_4a6499af445e8e69\igc64.dll
0x00007ff827a10000 - 0x00007ff827a4b000 	C:\Windows\SYSTEM32\dxcore.dll
0x00007ff811460000 - 0x00007ff811474000 	C:\Users\DELL\.openjfx\cache\17.0.2-ea\javafx_font.dll
0x00007ff813230000 - 0x00007ff8134af000 	C:\Windows\SYSTEM32\dwrite.dll
0x00007ff82fa20000 - 0x00007ff82faeb000 	C:\Windows\SYSTEM32\DNSAPI.dll
0x00007ff82f9d0000 - 0x00007ff82fa0c000 	C:\Windows\SYSTEM32\IPHLPAPI.DLL
0x00007ff8321f0000 - 0x00007ff8321f8000 	C:\Windows\System32\NSI.dll
0x00007ff829240000 - 0x00007ff82924a000 	C:\Windows\System32\rasadhlp.dll
0x00007ff821760000 - 0x00007ff8217e2000 	C:\Windows\System32\fwpuclnt.dll
0x00007ff832670000 - 0x00007ff832719000 	C:\Windows\System32\clbcatq.dll
0x00007ff82abb0000 - 0x00007ff82ad64000 	C:\Windows\SYSTEM32\WindowsCodecs.dll
0x00007ffff2d00000 - 0x00007ffff2d3e000 	C:\Windows\system32\dataexchange.dll
0x00007ff82cac0000 - 0x00007ff82cca3000 	C:\Windows\system32\dcomp.dll
0x00007ff82c290000 - 0x00007ff82c4f3000 	C:\Windows\system32\d3d11.dll
0x00007ff82edf0000 - 0x00007ff82eee3000 	C:\Windows\system32\dxgi.dll
0x00007ff82a530000 - 0x00007ff82a730000 	C:\Windows\system32\twinapi.appcore.dll
0x00007fffdf2a0000 - 0x00007fffdf2d4000 	C:\Program Files\Common Files\Microsoft Shared\Ink\rtscom.dll
0x00007ff8162e0000 - 0x00007ff8163da000 	C:\Windows\SYSTEM32\textinputframework.dll
0x00007ff82ccb0000 - 0x00007ff82d00e000 	C:\Windows\System32\CoreUIComponents.dll
0x00007ff82d470000 - 0x00007ff82d562000 	C:\Windows\System32\CoreMessaging.dll

dbghelp: loaded successfully - version: 4.0.5 - missing functions: none
symbol engine: initialized successfully - sym options: 0x614 - pdb path: .;C:\Users\DELL\.jdks\openjdk-17.0.1\bin;C:\Windows\SYSTEM32;C:\Windows\WinSxS\amd64_microsoft.windows.common-controls_6595b64144ccf1df_6.0.19041.1110_none_60b5254171f9507e;C:\Users\DELL\.jdks\openjdk-17.0.1\bin\server;E:\Complier\IntelliJ IDEA Community Edition 2022.2.2\bin;C:\Users\DELL\.openjfx\cache\17.0.2-ea;C:\Windows\System32\DriverStore\FileRepository\iigd_dch.inf_amd64_4a6499af445e8e69;C:\Program Files\Common Files\Microsoft Shared\Ink

VM Arguments:
jvm_args: -javaagent:E:\Complier\IntelliJ IDEA Community Edition 2022.2.2\lib\idea_rt.jar=58184:E:\Complier\IntelliJ IDEA Community Edition 2022.2.2\bin -Dfile.encoding=UTF-8 --module-path=C:\Users\DELL\.m2\repository\org\openjfx\javafx-graphics\17.0.2\javafx-graphics-17.0.2-win.jar;D:\Dat\PROJECT\HeTroGiup\demo\target\classes;C:\Users\DELL\.m2\repository\org\openjfx\javafx-base\17.0.2\javafx-base-17.0.2-win.jar;C:\Users\DELL\.m2\repository\org\openjfx\javafx-fxml\17.0.2\javafx-fxml-17.0.2-win.jar;C:\Users\DELL\.m2\repository\org\openjfx\javafx-controls\17.0.2\javafx-controls-17.0.2-win.jar -Djdk.module.main=com.example.demo 
java_command: com.example.demo/com.example.demo.HelloApplication
java_class_path (initial): C:\Users\DELL\.m2\repository\org\openjfx\javafx-controls\17.0.2\javafx-controls-17.0.2.jar;C:\Users\DELL\.m2\repository\org\openjfx\javafx-graphics\17.0.2\javafx-graphics-17.0.2.jar;C:\Users\DELL\.m2\repository\org\openjfx\javafx-base\17.0.2\javafx-base-17.0.2.jar;C:\Users\DELL\.m2\repository\org\openjfx\javafx-fxml\17.0.2\javafx-fxml-17.0.2.jar;D:\Download\mysql-connector-java-8.0.25\mysql-connector-java-8.0.25.jar
Launcher Type: SUN_STANDARD

[Global flags]
     intx CICompilerCount                          = 4                                         {product} {ergonomic}
     uint ConcGCThreads                            = 2                                         {product} {ergonomic}
     uint G1ConcRefinementThreads                  = 8                                         {product} {ergonomic}
   size_t G1HeapRegionSize                         = 2097152                                   {product} {ergonomic}
    uintx GCDrainStackTargetSize                   = 64                                        {product} {ergonomic}
   size_t InitialHeapSize                          = 264241152                                 {product} {ergonomic}
   size_t MarkStackSize                            = 4194304                                   {product} {ergonomic}
   size_t MaxHeapSize                              = 4223664128                                {product} {ergonomic}
   size_t MaxNewSize                               = 2533359616                                {product} {ergonomic}
   size_t MinHeapDeltaBytes                        = 2097152                                   {product} {ergonomic}
   size_t MinHeapSize                              = 8388608                                   {product} {ergonomic}
    uintx NonNMethodCodeHeapSize                   = 5839372                                {pd product} {ergonomic}
    uintx NonProfiledCodeHeapSize                  = 122909434                              {pd product} {ergonomic}
    uintx ProfiledCodeHeapSize                     = 122909434                              {pd product} {ergonomic}
    uintx ReservedCodeCacheSize                    = 251658240                              {pd product} {ergonomic}
     bool SegmentedCodeCache                       = true                                      {product} {ergonomic}
   size_t SoftMaxHeapSize                          = 4223664128                             {manageable} {ergonomic}
     bool UseCompressedClassPointers               = true                           {product lp64_product} {ergonomic}
     bool UseCompressedOops                        = true                           {product lp64_product} {ergonomic}
     bool UseG1GC                                  = true                                      {product} {ergonomic}
     bool UseLargePagesIndividualAllocation        = false                                  {pd product} {ergonomic}

Logging:
Log output configuration:
 #0: stdout all=warning uptime,level,tags
 #1: stderr all=off uptime,level,tags

Environment Variables:
PATH=C:\Program Files (x86)\Common Files\Oracle\Java\javapath;D:\May ao\bin\;C:\Windows\system32;C:\Windows;C:\Windows\System32\Wbem;C:\Windows\System32\WindowsPowerShell\v1.0\;C:\Windows\System32\OpenSSH\;C:\Program Files\Microsoft SQL Server\Client SDK\ODBC\110\Tools\Binn\;C:\Program Files (x86)\Microsoft SQL Server\120\Tools\Binn\;C:\Program Files\Microsoft SQL Server\120\Tools\Binn\;C:\Program Files\Microsoft SQL Server\120\DTS\Binn\;C:\Program Files (x86)\Microsoft SQL Server\120\Tools\Binn\ManagementStudio\;C:\Program Files (x86)\Microsoft SQL Server\120\DTS\Binn\;C:\Program Files\Git\cmd;C:\Program Files\dotnet\;E:\Mi tru?ng\;C:\Program Files\Microsoft SQL Server\Client SDK\ODBC\170\Tools\Binn\;C:\Program Files (x86)\Microsoft SQL Server\150\Tools\Binn\;C:\Program Files\Microsoft SQL Server\150\Tools\Binn\;C:\Program Files\Microsoft SQL Server\150\DTS\Binn\;C:\Program Files (x86)\Microsoft SQL Server\150\DTS\Binn\;C:\Program Files\Azure Data Studio\bin;C:\ProgramData\chocolatey\bin;C:\Program Files (x86)\Windows Kits\10\Windows Performance Toolkit\;C:\Users\DELL\AppData\Local\Microsoft\WindowsApps;C:\Users\DELL\AppData\Local\GitHubDesktop\bin;D:\Dat\Microsoft VS Code\bin;C:\Users\DELL\AppData\Roaming\npm;C:\Program Files\Azure Data Studio\bin;C:\Users\DELL\.dotnet\tools
USERNAME=DELL
OS=Windows_NT
PROCESSOR_IDENTIFIER=Intel64 Family 6 Model 140 Stepping 1, GenuineIntel



---------------  S Y S T E M  ---------------

OS:
 Windows 10 , 64 bit Build 19041 (10.0.19041.2913)
OS uptime: 0 days 22:50 hours
Hyper-V role detected

CPU: total 8 (initial active 8) (4 cores per cpu, 2 threads per core) family 6 model 140 stepping 1 microcode 0xa4, cx8, cmov, fxsr, ht, mmx, 3dnowpref, sse, sse2, sse3, ssse3, sse4.1, sse4.2, popcnt, lzcnt, tsc, tscinvbit, avx, avx2, aes, erms, clmul, bmi1, bmi2, adx, avx512f, avx512dq, avx512cd, avx512bw, avx512vl, sha, fma, vzeroupper, avx512_vpopcntdq, avx512_vpclmulqdq, avx512_vaes, avx512_vnni, clflush, clflushopt, clwb, avx512_vbmi2, avx512_vbmi, hv

Memory: 4k page, system-wide physical 16106M (3161M free)
TotalPageFile size 17365M (AvailPageFile size 5M)
current process WorkingSet (physical memory assigned to process): 190M, peak: 191M
current process commit charge ("private bytes"): 440M, peak: 443M

vm_info: OpenJDK 64-Bit Server VM (17.0.1+12-39) for windows-amd64 JRE (17.0.1+12-39), built on Sep 27 2021 18:39:29 by "mach5one" with MS VC++ 16.8 (VS2019)

END.
