#
# There is insufficient memory for the Java Runtime Environment to continue.
# Native memory allocation (malloc) failed to allocate 708736 bytes for Chunk::new
# Possible reasons:
#   The system is out of physical RAM or swap space
#   The process is running with CompressedOops enabled, and the Java Heap may be blocking the growth of the native heap
# Possible solutions:
#   Reduce memory load on the system
#   Increase physical memory or swap space
#   Check if swap backing store is full
#   Decrease Java heap size (-Xmx/-Xms)
#   Decrease number of Java threads
#   Decrease Java thread stack sizes (-Xss)
#   Set larger code cache with -XX:ReservedCodeCacheSize=
#   JVM is running with Zero Based Compressed Oops mode in which the Java heap is
#     placed in the first 32GB address space. The Java Heap base address is the
#     maximum limit for the native heap growth. Please use -XX:HeapBaseMinAddress
#     to set the Java Heap base and to place the Java Heap above 32GB virtual address.
# This output file may be truncated or incomplete.
#
#  Out of Memory Error (arena.cpp:189), pid=14764, tid=20952
#
# JRE version: OpenJDK Runtime Environment (17.0.1+12) (build 17.0.1+12-39)
# Java VM: OpenJDK 64-Bit Server VM (17.0.1+12-39, mixed mode, sharing, tiered, compressed oops, compressed class ptrs, g1 gc, windows-amd64)
# No core dump will be written. Minidumps are not enabled by default on client versions of Windows
#

---------------  S U M M A R Y ------------

Command Line: -javaagent:E:\Complier\IntelliJ IDEA Community Edition 2022.2.2\lib\idea_rt.jar=52112:E:\Complier\IntelliJ IDEA Community Edition 2022.2.2\bin -Dfile.encoding=UTF-8 --module-path=C:\Users\DELL\.m2\repository\org\openjfx\javafx-base\17.0.2\javafx-base-17.0.2-win.jar;C:\Users\DELL\.m2\repository\org\openjfx\javafx-controls\17.0.2\javafx-controls-17.0.2-win.jar;C:\Users\DELL\.m2\repository\org\openjfx\javafx-fxml\17.0.2\javafx-fxml-17.0.2-win.jar;D:\Dat\PROJECT\HeTroGiup\demo\target\classes;C:\Users\DELL\.m2\repository\org\openjfx\javafx-graphics\17.0.2\javafx-graphics-17.0.2-win.jar -Djdk.module.main=com.example.demo com.example.demo/com.example.demo.HelloApplication

Host: 11th Gen Intel(R) Core(TM) i5-1135G7 @ 2.40GHz, 8 cores, 15G,  Windows 10 , 64 bit Build 19041 (10.0.19041.2913)
Time: Thu Jun  1 12:35:18 2023 SE Asia Standard Time elapsed time: 1.438371 seconds (0d 0h 0m 1s)

---------------  T H R E A D  ---------------

Current thread (0x00000185ff5153c0):  JavaThread "C2 CompilerThread2" daemon [_thread_in_native, id=20952, stack(0x000000204c800000,0x000000204c900000)]


Current CompileTask:
C2:   1438 1848       4       java.lang.invoke.MethodType::makeImpl (109 bytes)

Stack: [0x000000204c800000,0x000000204c900000]
Native frames: (J=compiled Java code, j=interpreted, Vv=VM code, C=native code)
V  [jvm.dll+0x66fa1a]
V  [jvm.dll+0x7ce5a4]
V  [jvm.dll+0x7cfd4e]
V  [jvm.dll+0x7d03b3]
V  [jvm.dll+0x242b05]
V  [jvm.dll+0xaa05b]
V  [jvm.dll+0xaa5ec]
V  [jvm.dll+0x2a953f]
V  [jvm.dll+0x5785a9]
V  [jvm.dll+0x21dd7d]
V  [jvm.dll+0x2172d1]
V  [jvm.dll+0x214f05]
V  [jvm.dll+0x1a168d]
V  [jvm.dll+0x224848]
V  [jvm.dll+0x2229ac]
V  [jvm.dll+0x78435b]
V  [jvm.dll+0x77e91a]
V  [jvm.dll+0x66e845]
C  [ucrtbase.dll+0x21bb2]
C  [KERNEL32.DLL+0x17614]
C  [ntdll.dll+0x526a1]


---------------  P R O C E S S  ---------------

Threads class SMR info:
_java_thread_list=0x00000185ffff1a90, length=23, elements={
0x00000185eae7f6c0, 0x00000185fe956eb0, 0x00000185fe957970, 0x00000185fe967450,
0x00000185fe967f10, 0x00000185fe96cf00, 0x00000185fe96df60, 0x00000185fe9703b0,
0x00000185fe97c830, 0x00000185fe97d130, 0x00000185fe93c220, 0x00000185ff514c90,
0x00000185ff5153c0, 0x00000185ffc7f970, 0x00000185ffc7fe40, 0x00000185fff07880,
0x00000185fff796f0, 0x00000185ffde1fe0, 0x000001858f2ee2b0, 0x000001858f2f9940,
0x000001858f4f2830, 0x00000185ffc7eea0, 0x00000185ffc7f370
}

Java Threads: ( => current thread )
  0x00000185eae7f6c0 JavaThread "main" [_thread_blocked, id=20060, stack(0x000000204b600000,0x000000204b700000)]
  0x00000185fe956eb0 JavaThread "Reference Handler" daemon [_thread_blocked, id=7468, stack(0x000000204bd00000,0x000000204be00000)]
  0x00000185fe957970 JavaThread "Finalizer" daemon [_thread_blocked, id=20900, stack(0x000000204be00000,0x000000204bf00000)]
  0x00000185fe967450 JavaThread "Signal Dispatcher" daemon [_thread_blocked, id=10060, stack(0x000000204bf00000,0x000000204c000000)]
  0x00000185fe967f10 JavaThread "Attach Listener" daemon [_thread_blocked, id=3924, stack(0x000000204c000000,0x000000204c100000)]
  0x00000185fe96cf00 JavaThread "Service Thread" daemon [_thread_blocked, id=10856, stack(0x000000204c100000,0x000000204c200000)]
  0x00000185fe96df60 JavaThread "Monitor Deflation Thread" daemon [_thread_blocked, id=22320, stack(0x000000204c200000,0x000000204c300000)]
  0x00000185fe9703b0 JavaThread "C2 CompilerThread0" daemon [_thread_blocked, id=8280, stack(0x000000204c300000,0x000000204c400000)]
  0x00000185fe97c830 JavaThread "C1 CompilerThread0" daemon [_thread_blocked, id=17232, stack(0x000000204c400000,0x000000204c500000)]
  0x00000185fe97d130 JavaThread "Sweeper thread" daemon [_thread_blocked, id=14772, stack(0x000000204c500000,0x000000204c600000)]
  0x00000185fe93c220 JavaThread "Common-Cleaner" daemon [_thread_blocked, id=19448, stack(0x000000204c600000,0x000000204c700000)]
  0x00000185ff514c90 JavaThread "C2 CompilerThread1" daemon [_thread_blocked, id=19956, stack(0x000000204c700000,0x000000204c800000)]
=>0x00000185ff5153c0 JavaThread "C2 CompilerThread2" daemon [_thread_in_native, id=20952, stack(0x000000204c800000,0x000000204c900000)]
  0x00000185ffc7f970 JavaThread "Monitor Ctrl-Break" daemon [_thread_in_native, id=21176, stack(0x000000204c900000,0x000000204ca00000)]
  0x00000185ffc7fe40 JavaThread "Notification Thread" daemon [_thread_blocked, id=16204, stack(0x000000204ca00000,0x000000204cb00000)]
  0x00000185fff07880 JavaThread "QuantumRenderer-0" daemon [_thread_blocked, id=7640, stack(0x000000204cc00000,0x000000204cd00000)]
  0x00000185fff796f0 JavaThread "InvokeLaterDispatcher" daemon [_thread_blocked, id=440, stack(0x000000204cd00000,0x000000204ce00000)]
  0x00000185ffde1fe0 JavaThread "JavaFX Application Thread" [_thread_in_native, id=20640, stack(0x000000204ce00000,0x000000204cf00000)]
  0x000001858f2ee2b0 JavaThread "Thread-2" daemon [_thread_in_native, id=11820, stack(0x000000204d200000,0x000000204d300000)]
  0x000001858f2f9940 JavaThread "JavaFX-Launcher" [_thread_blocked, id=21844, stack(0x000000204d300000,0x000000204d400000)]
  0x000001858f4f2830 JavaThread "mysql-cj-abandoned-connection-cleanup" daemon [_thread_blocked, id=7744, stack(0x000000204d900000,0x000000204da00000)]
  0x00000185ffc7eea0 JavaThread "Prism Font Disposer" daemon [_thread_blocked, id=16948, stack(0x000000204dd00000,0x000000204de00000)]
  0x00000185ffc7f370 JavaThread "Cleaner-0" daemon [_thread_blocked, id=19680, stack(0x000000204e000000,0x000000204e100000)]

Other Threads:
  0x00000185fe9510a0 VMThread "VM Thread" [stack: 0x000000204bc00000,0x000000204bd00000] [id=19732]
  0x00000185ff4fba80 WatcherThread [stack: 0x000000204cb00000,0x000000204cc00000] [id=18612]
  0x00000185eaece310 GCTaskThread "GC Thread#0" [stack: 0x000000204b700000,0x000000204b800000] [id=16892]
  0x000001858f3d9640 GCTaskThread "GC Thread#1" [stack: 0x000000204d400000,0x000000204d500000] [id=15512]
  0x000001858f3d6c50 GCTaskThread "GC Thread#2" [stack: 0x000000204d500000,0x000000204d600000] [id=10004]
  0x000001858f3d6f00 GCTaskThread "GC Thread#3" [stack: 0x000000204d600000,0x000000204d700000] [id=20116]
  0x000001858f3d98f0 GCTaskThread "GC Thread#4" [stack: 0x000000204d700000,0x000000204d800000] [id=4440]
  0x000001858f3b2180 GCTaskThread "GC Thread#5" [stack: 0x000000204d800000,0x000000204d900000] [id=7568]
  0x000001858f4b3ed0 GCTaskThread "GC Thread#6" [stack: 0x000000204de00000,0x000000204df00000] [id=18732]
  0x000001858ffc9cf0 GCTaskThread "GC Thread#7" [stack: 0x000000204df00000,0x000000204e000000] [id=11492]
  0x00000185eaee0130 ConcurrentGCThread "G1 Main Marker" [stack: 0x000000204b800000,0x000000204b900000] [id=19636]
  0x00000185eaee0a50 ConcurrentGCThread "G1 Conc#0" [stack: 0x000000204b900000,0x000000204ba00000] [id=9108]
  0x00000185eaf56a90 ConcurrentGCThread "G1 Refine#0" [stack: 0x000000204ba00000,0x000000204bb00000] [id=9120]
  0x00000185fe8124b0 ConcurrentGCThread "G1 Service" [stack: 0x000000204bb00000,0x000000204bc00000] [id=18820]

Threads with active compile tasks:
C2 CompilerThread2     1475 1848       4       java.lang.invoke.MethodType::makeImpl (109 bytes)

VM state: not at safepoint (normal execution)

VM Mutex/Monitor currently owned by a thread: None

Heap address: 0x0000000704400000, size: 4028 MB, Compressed Oops mode: Zero based, Oop shift amount: 3

CDS archive(s) mapped at: [0x0000000800000000-0x0000000800bc0000-0x0000000800bc0000), size 12320768, SharedBaseAddress: 0x0000000800000000, ArchiveRelocationMode: 0.
Compressed class space mapped at: 0x0000000800c00000-0x0000000840c00000, reserved size: 1073741824
Narrow klass base: 0x0000000800000000, Narrow klass shift: 0, Narrow klass range: 0x100000000

GC Precious Log:
 CPUs: 8 total, 8 available
 Memory: 16106M
 Large Page Support: Disabled
 NUMA Support: Disabled
 Compressed Oops: Enabled (Zero based)
 Heap Region Size: 2M
 Heap Min Capacity: 8M
 Heap Initial Capacity: 252M
 Heap Max Capacity: 4028M
 Pre-touch: Disabled
 Parallel Workers: 8
 Concurrent Workers: 2
 Concurrent Refinement Workers: 8
 Periodic GC: Disabled

Heap:
 garbage-first heap   total 258048K, used 17960K [0x0000000704400000, 0x0000000800000000)
  region size 2048K, 8 young (16384K), 3 survivors (6144K)
 Metaspace       used 17010K, committed 17216K, reserved 1064960K
  class space    used 2387K, committed 2496K, reserved 1048576K

Heap Regions: E=young(eden), S=young(survivor), O=old, HS=humongous(starts), HC=humongous(continues), CS=collection set, F=free, OA=open archive, CA=closed archive, TAMS=top-at-mark-start (previous, next)
|   0|0x0000000704400000, 0x000000070458a000, 0x0000000704600000| 76%| O|  |TAMS 0x0000000704400000, 0x0000000704400000| Untracked 
|   1|0x0000000704600000, 0x0000000704800000, 0x0000000704800000|100%|HS|  |TAMS 0x0000000704600000, 0x0000000704600000| Complete 
|   2|0x0000000704800000, 0x0000000704800000, 0x0000000704a00000|  0%| F|  |TAMS 0x0000000704800000, 0x0000000704800000| Untracked 
|   3|0x0000000704a00000, 0x0000000704a00000, 0x0000000704c00000|  0%| F|  |TAMS 0x0000000704a00000, 0x0000000704a00000| Untracked 
|   4|0x0000000704c00000, 0x0000000704c00000, 0x0000000704e00000|  0%| F|  |TAMS 0x0000000704c00000, 0x0000000704c00000| Untracked 
|   5|0x0000000704e00000, 0x0000000704e00000, 0x0000000705000000|  0%| F|  |TAMS 0x0000000704e00000, 0x0000000704e00000| Untracked 
|   6|0x0000000705000000, 0x0000000705000000, 0x0000000705200000|  0%| F|  |TAMS 0x0000000705000000, 0x0000000705000000| Untracked 
|   7|0x0000000705200000, 0x0000000705200000, 0x0000000705400000|  0%| F|  |TAMS 0x0000000705200000, 0x0000000705200000| Untracked 
|   8|0x0000000705400000, 0x0000000705400000, 0x0000000705600000|  0%| F|  |TAMS 0x0000000705400000, 0x0000000705400000| Untracked 
|   9|0x0000000705600000, 0x0000000705600000, 0x0000000705800000|  0%| F|  |TAMS 0x0000000705600000, 0x0000000705600000| Untracked 
|  10|0x0000000705800000, 0x0000000705800000, 0x0000000705a00000|  0%| F|  |TAMS 0x0000000705800000, 0x0000000705800000| Untracked 
|  11|0x0000000705a00000, 0x0000000705a00000, 0x0000000705c00000|  0%| F|  |TAMS 0x0000000705a00000, 0x0000000705a00000| Untracked 
|  12|0x0000000705c00000, 0x0000000705c00000, 0x0000000705e00000|  0%| F|  |TAMS 0x0000000705c00000, 0x0000000705c00000| Untracked 
|  13|0x0000000705e00000, 0x0000000705e00000, 0x0000000706000000|  0%| F|  |TAMS 0x0000000705e00000, 0x0000000705e00000| Untracked 
|  14|0x0000000706000000, 0x0000000706000000, 0x0000000706200000|  0%| F|  |TAMS 0x0000000706000000, 0x0000000706000000| Untracked 
|  15|0x0000000706200000, 0x0000000706200000, 0x0000000706400000|  0%| F|  |TAMS 0x0000000706200000, 0x0000000706200000| Untracked 
|  16|0x0000000706400000, 0x0000000706400000, 0x0000000706600000|  0%| F|  |TAMS 0x0000000706400000, 0x0000000706400000| Untracked 
|  17|0x0000000706600000, 0x0000000706600000, 0x0000000706800000|  0%| F|  |TAMS 0x0000000706600000, 0x0000000706600000| Untracked 
|  18|0x0000000706800000, 0x0000000706800000, 0x0000000706a00000|  0%| F|  |TAMS 0x0000000706800000, 0x0000000706800000| Untracked 
|  19|0x0000000706a00000, 0x0000000706a00000, 0x0000000706c00000|  0%| F|  |TAMS 0x0000000706a00000, 0x0000000706a00000| Untracked 
|  20|0x0000000706c00000, 0x0000000706c00000, 0x0000000706e00000|  0%| F|  |TAMS 0x0000000706c00000, 0x0000000706c00000| Untracked 
|  21|0x0000000706e00000, 0x0000000706e00000, 0x0000000707000000|  0%| F|  |TAMS 0x0000000706e00000, 0x0000000706e00000| Untracked 
|  22|0x0000000707000000, 0x0000000707000000, 0x0000000707200000|  0%| F|  |TAMS 0x0000000707000000, 0x0000000707000000| Untracked 
|  23|0x0000000707200000, 0x0000000707200000, 0x0000000707400000|  0%| F|  |TAMS 0x0000000707200000, 0x0000000707200000| Untracked 
|  24|0x0000000707400000, 0x0000000707400000, 0x0000000707600000|  0%| F|  |TAMS 0x0000000707400000, 0x0000000707400000| Untracked 
|  25|0x0000000707600000, 0x0000000707600000, 0x0000000707800000|  0%| F|  |TAMS 0x0000000707600000, 0x0000000707600000| Untracked 
|  26|0x0000000707800000, 0x0000000707800000, 0x0000000707a00000|  0%| F|  |TAMS 0x0000000707800000, 0x0000000707800000| Untracked 
|  27|0x0000000707a00000, 0x0000000707a00000, 0x0000000707c00000|  0%| F|  |TAMS 0x0000000707a00000, 0x0000000707a00000| Untracked 
|  28|0x0000000707c00000, 0x0000000707c00000, 0x0000000707e00000|  0%| F|  |TAMS 0x0000000707c00000, 0x0000000707c00000| Untracked 
|  29|0x0000000707e00000, 0x0000000707e00000, 0x0000000708000000|  0%| F|  |TAMS 0x0000000707e00000, 0x0000000707e00000| Untracked 
|  30|0x0000000708000000, 0x0000000708000000, 0x0000000708200000|  0%| F|  |TAMS 0x0000000708000000, 0x0000000708000000| Untracked 
|  31|0x0000000708200000, 0x0000000708200000, 0x0000000708400000|  0%| F|  |TAMS 0x0000000708200000, 0x0000000708200000| Untracked 
|  32|0x0000000708400000, 0x0000000708400000, 0x0000000708600000|  0%| F|  |TAMS 0x0000000708400000, 0x0000000708400000| Untracked 
|  33|0x0000000708600000, 0x0000000708600000, 0x0000000708800000|  0%| F|  |TAMS 0x0000000708600000, 0x0000000708600000| Untracked 
|  34|0x0000000708800000, 0x0000000708800000, 0x0000000708a00000|  0%| F|  |TAMS 0x0000000708800000, 0x0000000708800000| Untracked 
|  35|0x0000000708a00000, 0x0000000708a00000, 0x0000000708c00000|  0%| F|  |TAMS 0x0000000708a00000, 0x0000000708a00000| Untracked 
|  36|0x0000000708c00000, 0x0000000708c00000, 0x0000000708e00000|  0%| F|  |TAMS 0x0000000708c00000, 0x0000000708c00000| Untracked 
|  37|0x0000000708e00000, 0x0000000708e00000, 0x0000000709000000|  0%| F|  |TAMS 0x0000000708e00000, 0x0000000708e00000| Untracked 
|  38|0x0000000709000000, 0x0000000709000000, 0x0000000709200000|  0%| F|  |TAMS 0x0000000709000000, 0x0000000709000000| Untracked 
|  39|0x0000000709200000, 0x0000000709200000, 0x0000000709400000|  0%| F|  |TAMS 0x0000000709200000, 0x0000000709200000| Untracked 
|  40|0x0000000709400000, 0x0000000709400000, 0x0000000709600000|  0%| F|  |TAMS 0x0000000709400000, 0x0000000709400000| Untracked 
|  41|0x0000000709600000, 0x0000000709600000, 0x0000000709800000|  0%| F|  |TAMS 0x0000000709600000, 0x0000000709600000| Untracked 
|  42|0x0000000709800000, 0x0000000709800000, 0x0000000709a00000|  0%| F|  |TAMS 0x0000000709800000, 0x0000000709800000| Untracked 
|  43|0x0000000709a00000, 0x0000000709a00000, 0x0000000709c00000|  0%| F|  |TAMS 0x0000000709a00000, 0x0000000709a00000| Untracked 
|  44|0x0000000709c00000, 0x0000000709c00000, 0x0000000709e00000|  0%| F|  |TAMS 0x0000000709c00000, 0x0000000709c00000| Untracked 
|  45|0x0000000709e00000, 0x0000000709e00000, 0x000000070a000000|  0%| F|  |TAMS 0x0000000709e00000, 0x0000000709e00000| Untracked 
|  46|0x000000070a000000, 0x000000070a000000, 0x000000070a200000|  0%| F|  |TAMS 0x000000070a000000, 0x000000070a000000| Untracked 
|  47|0x000000070a200000, 0x000000070a200000, 0x000000070a400000|  0%| F|  |TAMS 0x000000070a200000, 0x000000070a200000| Untracked 
|  48|0x000000070a400000, 0x000000070a400000, 0x000000070a600000|  0%| F|  |TAMS 0x000000070a400000, 0x000000070a400000| Untracked 
|  49|0x000000070a600000, 0x000000070a600000, 0x000000070a800000|  0%| F|  |TAMS 0x000000070a600000, 0x000000070a600000| Untracked 
|  50|0x000000070a800000, 0x000000070a800000, 0x000000070aa00000|  0%| F|  |TAMS 0x000000070a800000, 0x000000070a800000| Untracked 
|  51|0x000000070aa00000, 0x000000070aa00000, 0x000000070ac00000|  0%| F|  |TAMS 0x000000070aa00000, 0x000000070aa00000| Untracked 
|  52|0x000000070ac00000, 0x000000070ac00000, 0x000000070ae00000|  0%| F|  |TAMS 0x000000070ac00000, 0x000000070ac00000| Untracked 
|  53|0x000000070ae00000, 0x000000070ae00000, 0x000000070b000000|  0%| F|  |TAMS 0x000000070ae00000, 0x000000070ae00000| Untracked 
|  54|0x000000070b000000, 0x000000070b000000, 0x000000070b200000|  0%| F|  |TAMS 0x000000070b000000, 0x000000070b000000| Untracked 
|  55|0x000000070b200000, 0x000000070b200000, 0x000000070b400000|  0%| F|  |TAMS 0x000000070b200000, 0x000000070b200000| Untracked 
|  56|0x000000070b400000, 0x000000070b400000, 0x000000070b600000|  0%| F|  |TAMS 0x000000070b400000, 0x000000070b400000| Untracked 
|  57|0x000000070b600000, 0x000000070b600000, 0x000000070b800000|  0%| F|  |TAMS 0x000000070b600000, 0x000000070b600000| Untracked 
|  58|0x000000070b800000, 0x000000070b800000, 0x000000070ba00000|  0%| F|  |TAMS 0x000000070b800000, 0x000000070b800000| Untracked 
|  59|0x000000070ba00000, 0x000000070ba00000, 0x000000070bc00000|  0%| F|  |TAMS 0x000000070ba00000, 0x000000070ba00000| Untracked 
|  60|0x000000070bc00000, 0x000000070bc00000, 0x000000070be00000|  0%| F|  |TAMS 0x000000070bc00000, 0x000000070bc00000| Untracked 
|  61|0x000000070be00000, 0x000000070be00000, 0x000000070c000000|  0%| F|  |TAMS 0x000000070be00000, 0x000000070be00000| Untracked 
|  62|0x000000070c000000, 0x000000070c000000, 0x000000070c200000|  0%| F|  |TAMS 0x000000070c000000, 0x000000070c000000| Untracked 
|  63|0x000000070c200000, 0x000000070c200000, 0x000000070c400000|  0%| F|  |TAMS 0x000000070c200000, 0x000000070c200000| Untracked 
|  64|0x000000070c400000, 0x000000070c400000, 0x000000070c600000|  0%| F|  |TAMS 0x000000070c400000, 0x000000070c400000| Untracked 
|  65|0x000000070c600000, 0x000000070c600000, 0x000000070c800000|  0%| F|  |TAMS 0x000000070c600000, 0x000000070c600000| Untracked 
|  66|0x000000070c800000, 0x000000070c800000, 0x000000070ca00000|  0%| F|  |TAMS 0x000000070c800000, 0x000000070c800000| Untracked 
|  67|0x000000070ca00000, 0x000000070ca00000, 0x000000070cc00000|  0%| F|  |TAMS 0x000000070ca00000, 0x000000070ca00000| Untracked 
|  68|0x000000070cc00000, 0x000000070cc00000, 0x000000070ce00000|  0%| F|  |TAMS 0x000000070cc00000, 0x000000070cc00000| Untracked 
|  69|0x000000070ce00000, 0x000000070ce00000, 0x000000070d000000|  0%| F|  |TAMS 0x000000070ce00000, 0x000000070ce00000| Untracked 
|  70|0x000000070d000000, 0x000000070d000000, 0x000000070d200000|  0%| F|  |TAMS 0x000000070d000000, 0x000000070d000000| Untracked 
|  71|0x000000070d200000, 0x000000070d200000, 0x000000070d400000|  0%| F|  |TAMS 0x000000070d200000, 0x000000070d200000| Untracked 
|  72|0x000000070d400000, 0x000000070d400000, 0x000000070d600000|  0%| F|  |TAMS 0x000000070d400000, 0x000000070d400000| Untracked 
|  73|0x000000070d600000, 0x000000070d600000, 0x000000070d800000|  0%| F|  |TAMS 0x000000070d600000, 0x000000070d600000| Untracked 
|  74|0x000000070d800000, 0x000000070d800000, 0x000000070da00000|  0%| F|  |TAMS 0x000000070d800000, 0x000000070d800000| Untracked 
|  75|0x000000070da00000, 0x000000070da00000, 0x000000070dc00000|  0%| F|  |TAMS 0x000000070da00000, 0x000000070da00000| Untracked 
|  76|0x000000070dc00000, 0x000000070dc00000, 0x000000070de00000|  0%| F|  |TAMS 0x000000070dc00000, 0x000000070dc00000| Untracked 
|  77|0x000000070de00000, 0x000000070de00000, 0x000000070e000000|  0%| F|  |TAMS 0x000000070de00000, 0x000000070de00000| Untracked 
|  78|0x000000070e000000, 0x000000070e000000, 0x000000070e200000|  0%| F|  |TAMS 0x000000070e000000, 0x000000070e000000| Untracked 
|  79|0x000000070e200000, 0x000000070e200000, 0x000000070e400000|  0%| F|  |TAMS 0x000000070e200000, 0x000000070e200000| Untracked 
|  80|0x000000070e400000, 0x000000070e400000, 0x000000070e600000|  0%| F|  |TAMS 0x000000070e400000, 0x000000070e400000| Untracked 
|  81|0x000000070e600000, 0x000000070e600000, 0x000000070e800000|  0%| F|  |TAMS 0x000000070e600000, 0x000000070e600000| Untracked 
|  82|0x000000070e800000, 0x000000070e800000, 0x000000070ea00000|  0%| F|  |TAMS 0x000000070e800000, 0x000000070e800000| Untracked 
|  83|0x000000070ea00000, 0x000000070ea00000, 0x000000070ec00000|  0%| F|  |TAMS 0x000000070ea00000, 0x000000070ea00000| Untracked 
|  84|0x000000070ec00000, 0x000000070ec00000, 0x000000070ee00000|  0%| F|  |TAMS 0x000000070ec00000, 0x000000070ec00000| Untracked 
|  85|0x000000070ee00000, 0x000000070ee00000, 0x000000070f000000|  0%| F|  |TAMS 0x000000070ee00000, 0x000000070ee00000| Untracked 
|  86|0x000000070f000000, 0x000000070f000000, 0x000000070f200000|  0%| F|  |TAMS 0x000000070f000000, 0x000000070f000000| Untracked 
|  87|0x000000070f200000, 0x000000070f200000, 0x000000070f400000|  0%| F|  |TAMS 0x000000070f200000, 0x000000070f200000| Untracked 
|  88|0x000000070f400000, 0x000000070f400000, 0x000000070f600000|  0%| F|  |TAMS 0x000000070f400000, 0x000000070f400000| Untracked 
|  89|0x000000070f600000, 0x000000070f600000, 0x000000070f800000|  0%| F|  |TAMS 0x000000070f600000, 0x000000070f600000| Untracked 
|  90|0x000000070f800000, 0x000000070f800000, 0x000000070fa00000|  0%| F|  |TAMS 0x000000070f800000, 0x000000070f800000| Untracked 
|  91|0x000000070fa00000, 0x000000070fa00000, 0x000000070fc00000|  0%| F|  |TAMS 0x000000070fa00000, 0x000000070fa00000| Untracked 
|  92|0x000000070fc00000, 0x000000070fc00000, 0x000000070fe00000|  0%| F|  |TAMS 0x000000070fc00000, 0x000000070fc00000| Untracked 
|  93|0x000000070fe00000, 0x000000070fe00000, 0x0000000710000000|  0%| F|  |TAMS 0x000000070fe00000, 0x000000070fe00000| Untracked 
|  94|0x0000000710000000, 0x0000000710000000, 0x0000000710200000|  0%| F|  |TAMS 0x0000000710000000, 0x0000000710000000| Untracked 
|  95|0x0000000710200000, 0x0000000710200000, 0x0000000710400000|  0%| F|  |TAMS 0x0000000710200000, 0x0000000710200000| Untracked 
|  96|0x0000000710400000, 0x0000000710400000, 0x0000000710600000|  0%| F|  |TAMS 0x0000000710400000, 0x0000000710400000| Untracked 
|  97|0x0000000710600000, 0x0000000710600000, 0x0000000710800000|  0%| F|  |TAMS 0x0000000710600000, 0x0000000710600000| Untracked 
|  98|0x0000000710800000, 0x0000000710800000, 0x0000000710a00000|  0%| F|  |TAMS 0x0000000710800000, 0x0000000710800000| Untracked 
|  99|0x0000000710a00000, 0x0000000710a00000, 0x0000000710c00000|  0%| F|  |TAMS 0x0000000710a00000, 0x0000000710a00000| Untracked 
| 100|0x0000000710c00000, 0x0000000710c00000, 0x0000000710e00000|  0%| F|  |TAMS 0x0000000710c00000, 0x0000000710c00000| Untracked 
| 101|0x0000000710e00000, 0x0000000710e00000, 0x0000000711000000|  0%| F|  |TAMS 0x0000000710e00000, 0x0000000710e00000| Untracked 
| 102|0x0000000711000000, 0x0000000711000000, 0x0000000711200000|  0%| F|  |TAMS 0x0000000711000000, 0x0000000711000000| Untracked 
| 103|0x0000000711200000, 0x0000000711400000, 0x0000000711400000|100%| S|CS|TAMS 0x0000000711200000, 0x0000000711200000| Complete 
| 104|0x0000000711400000, 0x0000000711600000, 0x0000000711600000|100%| S|CS|TAMS 0x0000000711400000, 0x0000000711400000| Complete 
| 105|0x0000000711600000, 0x0000000711800000, 0x0000000711800000|100%| S|CS|TAMS 0x0000000711600000, 0x0000000711600000| Complete 
| 106|0x0000000711800000, 0x0000000711800000, 0x0000000711a00000|  0%| F|  |TAMS 0x0000000711800000, 0x0000000711800000| Untracked 
| 107|0x0000000711a00000, 0x0000000711a00000, 0x0000000711c00000|  0%| F|  |TAMS 0x0000000711a00000, 0x0000000711a00000| Untracked 
| 108|0x0000000711c00000, 0x0000000711c00000, 0x0000000711e00000|  0%| F|  |TAMS 0x0000000711c00000, 0x0000000711c00000| Untracked 
| 109|0x0000000711e00000, 0x0000000711e00000, 0x0000000712000000|  0%| F|  |TAMS 0x0000000711e00000, 0x0000000711e00000| Untracked 
| 110|0x0000000712000000, 0x0000000712000000, 0x0000000712200000|  0%| F|  |TAMS 0x0000000712000000, 0x0000000712000000| Untracked 
| 111|0x0000000712200000, 0x0000000712200000, 0x0000000712400000|  0%| F|  |TAMS 0x0000000712200000, 0x0000000712200000| Untracked 
| 112|0x0000000712400000, 0x0000000712400000, 0x0000000712600000|  0%| F|  |TAMS 0x0000000712400000, 0x0000000712400000| Untracked 
| 113|0x0000000712600000, 0x0000000712600000, 0x0000000712800000|  0%| F|  |TAMS 0x0000000712600000, 0x0000000712600000| Untracked 
| 114|0x0000000712800000, 0x0000000712800000, 0x0000000712a00000|  0%| F|  |TAMS 0x0000000712800000, 0x0000000712800000| Untracked 
| 115|0x0000000712a00000, 0x0000000712a00000, 0x0000000712c00000|  0%| F|  |TAMS 0x0000000712a00000, 0x0000000712a00000| Untracked 
| 116|0x0000000712c00000, 0x0000000712c00000, 0x0000000712e00000|  0%| F|  |TAMS 0x0000000712c00000, 0x0000000712c00000| Untracked 
| 117|0x0000000712e00000, 0x0000000712e00000, 0x0000000713000000|  0%| F|  |TAMS 0x0000000712e00000, 0x0000000712e00000| Untracked 
| 118|0x0000000713000000, 0x0000000713000000, 0x0000000713200000|  0%| F|  |TAMS 0x0000000713000000, 0x0000000713000000| Untracked 
| 119|0x0000000713200000, 0x0000000713200000, 0x0000000713400000|  0%| F|  |TAMS 0x0000000713200000, 0x0000000713200000| Untracked 
| 120|0x0000000713400000, 0x0000000713400000, 0x0000000713600000|  0%| F|  |TAMS 0x0000000713400000, 0x0000000713400000| Untracked 
| 121|0x0000000713600000, 0x00000007136d2c48, 0x0000000713800000| 41%| E|  |TAMS 0x0000000713600000, 0x0000000713600000| Complete 
| 122|0x0000000713800000, 0x0000000713a00000, 0x0000000713a00000|100%| E|CS|TAMS 0x0000000713800000, 0x0000000713800000| Complete 
| 123|0x0000000713a00000, 0x0000000713c00000, 0x0000000713c00000|100%| E|CS|TAMS 0x0000000713a00000, 0x0000000713a00000| Complete 
| 124|0x0000000713c00000, 0x0000000713e00000, 0x0000000713e00000|100%| E|CS|TAMS 0x0000000713c00000, 0x0000000713c00000| Complete 
| 125|0x0000000713e00000, 0x0000000714000000, 0x0000000714000000|100%| E|CS|TAMS 0x0000000713e00000, 0x0000000713e00000| Complete 

Card table byte_map: [0x00000185f3190000,0x00000185f3970000] _byte_map_base: 0x00000185ef96e000

Marking Bits (Prev, Next): (CMBitMap*) 0x00000185eaecfc40, (CMBitMap*) 0x00000185eaecfc80
 Prev Bits: [0x00000185f4150000, 0x00000185f8040000)
 Next Bits: [0x00000185f8040000, 0x00000185fbf30000)

Polling page: 0x00000185e8d00000

Metaspace:

Usage:
  Non-class:     14.28 MB used.
      Class:      2.33 MB used.
       Both:     16.61 MB used.

Virtual space:
  Non-class space:       16.00 MB reserved,      14.38 MB ( 90%) committed,  2 nodes.
      Class space:        1.00 GB reserved,       2.44 MB ( <1%) committed,  1 nodes.
             Both:        1.02 GB reserved,      16.81 MB (  2%) committed. 

Chunk freelists:
   Non-Class:  1.00 MB
       Class:  1.58 MB
        Both:  2.58 MB

MaxMetaspaceSize: unlimited
CompressedClassSpaceSize: 1.00 GB
Initial GC threshold: 21.00 MB
Current GC threshold: 21.00 MB
CDS: on
MetaspaceReclaimPolicy: balanced
 - commit_granule_bytes: 65536.
 - commit_granule_words: 8192.
 - virtual_space_node_default_size: 1048576.
 - enlarge_chunks_in_place: 1.
 - new_chunks_are_fully_committed: 0.
 - uncommit_free_chunks: 1.
 - use_allocation_guard: 0.
 - handle_deallocations: 1.


Internal statistics:

num_allocs_failed_limit: 0.
num_arena_births: 174.
num_arena_deaths: 0.
num_vsnodes_births: 3.
num_vsnodes_deaths: 0.
num_space_committed: 269.
num_space_uncommitted: 0.
num_chunks_returned_to_freelist: 0.
num_chunks_taken_from_freelist: 691.
num_chunk_merges: 0.
num_chunk_splits: 494.
num_chunks_enlarged: 398.
num_purges: 0.
num_inconsistent_stats: 0.

CodeHeap 'non-profiled nmethods': size=120000Kb used=856Kb max_used=856Kb free=119143Kb
 bounds [0x0000018587ad0000, 0x0000018587d40000, 0x000001858f000000]
CodeHeap 'profiled nmethods': size=120000Kb used=3441Kb max_used=3441Kb free=116558Kb
 bounds [0x00000185805a0000, 0x0000018580900000, 0x0000018587ad0000]
CodeHeap 'non-nmethods': size=5760Kb used=1443Kb max_used=1474Kb free=4316Kb
 bounds [0x0000018580000000, 0x0000018580270000, 0x00000185805a0000]
 total_blobs=2665 nmethods=1867 adapters=710
 compilation: enabled
              stopped_count=0, restarted_count=0
 full_count=0

Compilation events (20 events):
Event: 1.426 Thread 0x00000185fe97c830 nmethod 1861 0x00000185808f8590 code [0x00000185808f8720, 0x00000185808f8898]
Event: 1.426 Thread 0x00000185fe97c830 1862       3       jdk.internal.misc.Unsafe::putInt (8 bytes)
Event: 1.426 Thread 0x00000185fe97c830 nmethod 1862 0x00000185808f8990 code [0x00000185808f8b20, 0x00000185808f8c38]
Event: 1.426 Thread 0x00000185fe97c830 1863       3       sun.misc.Unsafe::getByte (8 bytes)
Event: 1.427 Thread 0x00000185fe97c830 nmethod 1863 0x00000185808f8d10 code [0x00000185808f8ea0, 0x00000185808f9038]
Event: 1.427 Thread 0x00000185fe97c830 1864       3       com.sun.marlin.FloatMath::max (11 bytes)
Event: 1.428 Thread 0x00000185fe9703b0 1866       4       sun.misc.Unsafe::getInt (8 bytes)
Event: 1.428 Thread 0x00000185fe97c830 nmethod 1864 0x00000185808f9110 code [0x00000185808f92a0, 0x00000185808f93d8]
Event: 1.428 Thread 0x00000185fe97c830 1865       3       com.sun.marlin.FloatMath::min (11 bytes)
Event: 1.428 Thread 0x00000185fe97c830 nmethod 1865 0x00000185808f9490 code [0x00000185808f9620, 0x00000185808f9758]
Event: 1.428 Thread 0x00000185fe97c830 1867       3       com.sun.marlin.MaskMarlinAlphaConsumer::setAndClearRelativeAlphas (641 bytes)
Event: 1.428 Thread 0x00000185fe9703b0 nmethod 1866 0x0000018587ba4290 code [0x0000018587ba4400, 0x0000018587ba4478]
Event: 1.429 Thread 0x00000185fe9703b0 1868       4       sun.misc.Unsafe::putInt (9 bytes)
Event: 1.429 Thread 0x00000185fe9703b0 nmethod 1868 0x0000018587ba4590 code [0x0000018587ba4700, 0x0000018587ba4778]
Event: 1.429 Thread 0x00000185ff514c90 nmethod 1849 0x0000018587ba4890 code [0x0000018587ba4a60, 0x0000018587ba5888]
Event: 1.429 Thread 0x00000185fe97c830 nmethod 1867 0x00000185808f9810 code [0x00000185808f9b20, 0x00000185808fb448]
Event: 1.433 Thread 0x00000185fe97c830 1869       3       jdk.internal.misc.VM::initLevel (4 bytes)
Event: 1.433 Thread 0x00000185fe97c830 nmethod 1869 0x00000185808fc210 code [0x00000185808fc3a0, 0x00000185808fc498]
Event: 1.433 Thread 0x00000185fe9703b0 1870       4       java.lang.StringBuilder::<init> (7 bytes)
Event: 1.435 Thread 0x00000185fe9703b0 nmethod 1870 0x0000018587ba5e90 code [0x0000018587ba6020, 0x0000018587ba61f8]

GC Heap History (4 events):
Event: 0.597 GC heap before
{Heap before GC invocations=0 (full 0):
 garbage-first heap   total 258048K, used 22528K [0x0000000704400000, 0x0000000800000000)
  region size 2048K, 11 young (22528K), 0 survivors (0K)
 Metaspace       used 5250K, committed 5440K, reserved 1056768K
  class space    used 643K, committed 704K, reserved 1048576K
}
Event: 0.600 GC heap after
{Heap after GC invocations=1 (full 0):
 garbage-first heap   total 258048K, used 2815K [0x0000000704400000, 0x0000000800000000)
  region size 2048K, 2 young (4096K), 2 survivors (4096K)
 Metaspace       used 5250K, committed 5440K, reserved 1056768K
  class space    used 643K, committed 704K, reserved 1048576K
}
Event: 1.312 GC heap before
{Heap before GC invocations=1 (full 0):
 garbage-first heap   total 258048K, used 39679K [0x0000000704400000, 0x0000000800000000)
  region size 2048K, 20 young (40960K), 2 survivors (4096K)
 Metaspace       used 15730K, committed 16000K, reserved 1064960K
  class space    used 2164K, committed 2304K, reserved 1048576K
}
Event: 1.319 GC heap after
{Heap after GC invocations=2 (full 0):
 garbage-first heap   total 258048K, used 7720K [0x0000000704400000, 0x0000000800000000)
  region size 2048K, 3 young (6144K), 3 survivors (6144K)
 Metaspace       used 15730K, committed 16000K, reserved 1064960K
  class space    used 2164K, committed 2304K, reserved 1048576K
}

Deoptimization events (20 events):
Event: 1.297 Thread 0x00000185ffde1fe0 Uncommon trap: trap_request=0xffffff45 fr.pc=0x0000018587b29eb4 relative=0x00000000000001b4
Event: 1.297 Thread 0x00000185ffde1fe0 Uncommon trap: reason=unstable_if action=reinterpret pc=0x0000018587b29eb4 method=java.io.ByteArrayInputStream.read()I @ 8 c2
Event: 1.297 Thread 0x00000185ffde1fe0 DEOPT PACKING pc=0x0000018587b29eb4 sp=0x000000204cefc1a0
Event: 1.297 Thread 0x00000185ffde1fe0 DEOPT UNPACKING pc=0x0000018580055c23 sp=0x000000204cefc158 mode 2
Event: 1.323 Thread 0x000001858f4f2830 Uncommon trap: trap_request=0xffffffde fr.pc=0x0000018587b7cc20 relative=0x0000000000001580
Event: 1.323 Thread 0x000001858f4f2830 Uncommon trap: reason=class_check action=maybe_recompile pc=0x0000018587b7cc20 method=java.util.Properties$LineReader.readLine()I @ 70 c2
Event: 1.323 Thread 0x000001858f4f2830 DEOPT PACKING pc=0x0000018587b7cc20 sp=0x000000204d9fe5f0
Event: 1.323 Thread 0x000001858f4f2830 DEOPT UNPACKING pc=0x0000018580055c23 sp=0x000000204d9fe5a0 mode 2
Event: 1.323 Thread 0x000001858f4f2830 Uncommon trap: trap_request=0xffffff45 fr.pc=0x0000018587b7ca88 relative=0x00000000000013e8
Event: 1.323 Thread 0x000001858f4f2830 Uncommon trap: reason=unstable_if action=reinterpret pc=0x0000018587b7ca88 method=java.util.Properties$LineReader.readLine()I @ 153 c2
Event: 1.323 Thread 0x000001858f4f2830 DEOPT PACKING pc=0x0000018587b7ca88 sp=0x000000204d9fe5f0
Event: 1.323 Thread 0x000001858f4f2830 DEOPT UNPACKING pc=0x0000018580055c23 sp=0x000000204d9fe5a8 mode 2
Event: 1.323 Thread 0x000001858f4f2830 Uncommon trap: trap_request=0xffffff45 fr.pc=0x0000018587b38660 relative=0x0000000000000960
Event: 1.323 Thread 0x000001858f4f2830 Uncommon trap: reason=unstable_if action=reinterpret pc=0x0000018587b38660 method=java.util.Properties$LineReader.readLine()I @ 117 c2
Event: 1.324 Thread 0x000001858f4f2830 DEOPT PACKING pc=0x0000018587b38660 sp=0x000000204d9fe610
Event: 1.324 Thread 0x000001858f4f2830 DEOPT UNPACKING pc=0x0000018580055c23 sp=0x000000204d9fe5b0 mode 2
Event: 1.332 Thread 0x00000185ffde1fe0 Uncommon trap: trap_request=0xffffff45 fr.pc=0x0000018587b84488 relative=0x0000000000000ba8
Event: 1.332 Thread 0x00000185ffde1fe0 Uncommon trap: reason=unstable_if action=reinterpret pc=0x0000018587b84488 method=java.util.WeakHashMap.expungeStaleEntries()V @ 66 c2
Event: 1.332 Thread 0x00000185ffde1fe0 DEOPT PACKING pc=0x0000018587b84488 sp=0x000000204cefca50
Event: 1.332 Thread 0x00000185ffde1fe0 DEOPT UNPACKING pc=0x0000018580055c23 sp=0x000000204cefc9d0 mode 2

Classes unloaded (0 events):
No events

Classes redefined (0 events):
No events

Internal exceptions (20 events):
Event: 0.815 Thread 0x00000185ffde1fe0 Exception <a 'java/lang/NoSuchMethodError'{0x00000007131613d8}: 'java.lang.Object java.lang.invoke.DirectMethodHandle$Holder.invokeInterface(java.lang.Object, java.lang.Object)'> (0x00000007131613d8) 
thrown [t:\workspace\open\src\hotspot\share\interpreter\linkResolver.cpp, line 766]
Event: 0.818 Thread 0x00000185ffde1fe0 Exception <a 'sun/nio/fs/WindowsException'{0x000000071316b3d0}> (0x000000071316b3d0) 
thrown [t:\workspace\open\src\hotspot\share\prims\jni.cpp, line 516]
Event: 0.819 Thread 0x00000185ffde1fe0 Exception <a 'sun/nio/fs/WindowsException'{0x000000071316dd78}> (0x000000071316dd78) 
thrown [t:\workspace\open\src\hotspot\share\prims\jni.cpp, line 516]
Event: 0.826 Thread 0x00000185ffde1fe0 Exception <a 'sun/nio/fs/WindowsException'{0x00000007131c5840}> (0x00000007131c5840) 
thrown [t:\workspace\open\src\hotspot\share\prims\jni.cpp, line 516]
Event: 0.827 Thread 0x00000185ffde1fe0 Exception <a 'sun/nio/fs/WindowsException'{0x00000007131c8ef8}> (0x00000007131c8ef8) 
thrown [t:\workspace\open\src\hotspot\share\prims\jni.cpp, line 516]
Event: 0.832 Thread 0x00000185ffde1fe0 Exception <a 'java/lang/NoSuchMethodError'{0x00000007131e49f8}: 'java.lang.Object java.lang.invoke.DirectMethodHandle$Holder.invokeVirtual(java.lang.Object, java.lang.Object, java.lang.Object)'> (0x00000007131e49f8) 
thrown [t:\workspace\open\src\hotspot\share\interpreter\linkResolver.cpp, line 766]
Event: 1.044 Thread 0x00000185ffde1fe0 Exception <a 'sun/nio/fs/WindowsException'{0x00000007124ca860}> (0x00000007124ca860) 
thrown [t:\workspace\open\src\hotspot\share\prims\jni.cpp, line 516]
Event: 1.061 Thread 0x00000185ffde1fe0 Implicit null exception at 0x0000018587aeeed8 to 0x0000018587aeef6e
Event: 1.165 Thread 0x00000185ffde1fe0 Implicit null exception at 0x0000018587b2a20b to 0x0000018587b2a800
Event: 1.166 Thread 0x00000185ffde1fe0 Implicit null exception at 0x0000018587b2908f to 0x0000018587b294e0
Event: 1.191 Thread 0x00000185ffde1fe0 Exception <a 'java/lang/NoSuchMethodError'{0x0000000711ebd980}: 'void java.lang.invoke.DirectMethodHandle$Holder.invokeSpecial(java.lang.Object, java.lang.Object, java.lang.Object, java.lang.Object, java.lang.Object)'> (0x0000000711ebd980) 
thrown [t:\workspace\open\src\hotspot\share\interpreter\linkResolver.cpp, line 766]
Event: 1.194 Thread 0x00000185ffde1fe0 Exception <a 'java/lang/ClassNotFoundException'{0x0000000711edbc30}: com/sun/javafx/scene/control/skin/resources/controls> (0x0000000711edbc30) 
thrown [t:\workspace\open\src\hotspot\share\prims\jni.cpp, line 535]
Event: 1.194 Thread 0x00000185ffde1fe0 Exception <a 'java/lang/ClassNotFoundException'{0x0000000711ee9bd0}: com/sun/javafx/scene/control/skin/resources/controls_en> (0x0000000711ee9bd0) 
thrown [t:\workspace\open\src\hotspot\share\prims\jni.cpp, line 535]
Event: 1.195 Thread 0x00000185ffde1fe0 Exception <a 'java/lang/ClassNotFoundException'{0x0000000711eeac00}: com/sun/javafx/scene/control/skin/resources/controls_en_US> (0x0000000711eeac00) 
thrown [t:\workspace\open\src\hotspot\share\prims\jni.cpp, line 535]
Event: 1.215 Thread 0x00000185ffde1fe0 Exception <a 'java/lang/NoSuchMethodError'{0x0000000711c70278}: 'java.lang.Object java.lang.invoke.DirectMethodHandle$Holder.invokeInterface(java.lang.Object, java.lang.Object, java.lang.Object)'> (0x0000000711c70278) 
thrown [t:\workspace\open\src\hotspot\share\interpreter\linkResolver.cpp, line 766]
Event: 1.215 Thread 0x00000185ffde1fe0 Exception <a 'java/lang/IncompatibleClassChangeError'{0x0000000711c73c20}: Found class java.lang.Object, but interface was expected> (0x0000000711c73c20) 
thrown [t:\workspace\open\src\hotspot\share\interpreter\linkResolver.cpp, line 833]
Event: 1.323 Thread 0x000001858f4f2830 Exception <a 'sun/nio/fs/WindowsException'{0x0000000713f18d40}> (0x0000000713f18d40) 
thrown [t:\workspace\open\src\hotspot\share\prims\jni.cpp, line 516]
Event: 1.346 Thread 0x00000185ffde1fe0 Exception <a 'java/lang/NoSuchMethodError'{0x0000000713c45150}: 'java.lang.Object java.lang.invoke.DirectMethodHandle$Holder.newInvokeSpecial(java.lang.Object, java.lang.Object, int)'> (0x0000000713c45150) 
thrown [t:\workspace\open\src\hotspot\share\interpreter\linkResolver.cpp, line 766]
Event: 1.387 Thread 0x00000185fff07880 Exception <a 'java/lang/NoSuchMethodError'{0x0000000713b1aca8}: 'int java.lang.invoke.DirectMethodHandle$Holder.invokeStaticInit(java.lang.Object, java.lang.Object)'> (0x0000000713b1aca8) 
thrown [t:\workspace\open\src\hotspot\share\interpreter\linkResolver.cpp, line 766]
Event: 1.433 Thread 0x00000185fff07880 Exception <a 'java/lang/NullPointerException'{0x0000000713633a08}> (0x0000000713633a08) 
thrown [t:\workspace\open\src\hotspot\share\interpreter\linkResolver.cpp, line 1440]

VM Operations (20 events):
Event: 0.135 Executing VM operation: HandshakeAllThreads
Event: 0.135 Executing VM operation: HandshakeAllThreads done
Event: 0.135 Executing VM operation: HandshakeAllThreads
Event: 0.135 Executing VM operation: HandshakeAllThreads done
Event: 0.168 Executing VM operation: HandshakeAllThreads
Event: 0.168 Executing VM operation: HandshakeAllThreads done
Event: 0.479 Executing VM operation: HandshakeAllThreads
Event: 0.479 Executing VM operation: HandshakeAllThreads done
Event: 0.597 Executing VM operation: G1CollectForAllocation
Event: 0.600 Executing VM operation: G1CollectForAllocation done
Event: 0.707 Executing VM operation: HandshakeAllThreads
Event: 0.707 Executing VM operation: HandshakeAllThreads done
Event: 0.801 Executing VM operation: HandshakeAllThreads
Event: 0.801 Executing VM operation: HandshakeAllThreads done
Event: 0.816 Executing VM operation: HandshakeAllThreads
Event: 0.816 Executing VM operation: HandshakeAllThreads done
Event: 1.195 Executing VM operation: ICBufferFull
Event: 1.195 Executing VM operation: ICBufferFull done
Event: 1.312 Executing VM operation: G1CollectForAllocation
Event: 1.319 Executing VM operation: G1CollectForAllocation done

Events (20 events):
Event: 1.355 loading class java/util/ConcurrentModificationException done
Event: 1.407 loading class java/util/concurrent/ConcurrentLinkedQueue
Event: 1.408 loading class java/util/concurrent/ConcurrentLinkedQueue done
Event: 1.408 loading class java/util/concurrent/ConcurrentLinkedQueue$Node
Event: 1.408 loading class java/util/concurrent/ConcurrentLinkedQueue$Node done
Event: 1.409 loading class jdk/internal/ref/CleanerImpl$InnocuousThreadFactory
Event: 1.409 loading class jdk/internal/ref/CleanerImpl$InnocuousThreadFactory done
Event: 1.409 Thread 0x00000185ffc7f370 Thread added: 0x00000185ffc7f370
Event: 1.415 loading class sun/misc/Unsafe
Event: 1.415 loading class sun/misc/Unsafe done
Event: 1.415 loading class jdk/internal/reflect/UnsafeFieldAccessorFactory
Event: 1.416 loading class jdk/internal/reflect/UnsafeFieldAccessorFactory done
Event: 1.416 loading class jdk/internal/reflect/UnsafeQualifiedStaticObjectFieldAccessorImpl
Event: 1.416 loading class jdk/internal/reflect/UnsafeQualifiedStaticFieldAccessorImpl
Event: 1.416 loading class jdk/internal/reflect/UnsafeQualifiedStaticFieldAccessorImpl done
Event: 1.416 loading class jdk/internal/reflect/UnsafeQualifiedStaticObjectFieldAccessorImpl done
Event: 1.433 loading class java/lang/Throwable$WrappedPrintStream
Event: 1.433 loading class java/lang/Throwable$PrintStreamOrWriter
Event: 1.433 loading class java/lang/Throwable$PrintStreamOrWriter done
Event: 1.433 loading class java/lang/Throwable$WrappedPrintStream done


Dynamic libraries:
0x00007ff77a4e0000 - 0x00007ff77a4ee000 	C:\Users\DELL\.jdks\openjdk-17.0.1\bin\java.exe
0x00007ffdb0230000 - 0x00007ffdb0428000 	C:\Windows\SYSTEM32\ntdll.dll
0x00007ffdaf420000 - 0x00007ffdaf4df000 	C:\Windows\System32\KERNEL32.DLL
0x00007ffdadbe0000 - 0x00007ffdaded6000 	C:\Windows\System32\KERNELBASE.dll
0x00007ffdae160000 - 0x00007ffdae260000 	C:\Windows\System32\ucrtbase.dll
0x00007ffd6fd80000 - 0x00007ffd6fd98000 	C:\Users\DELL\.jdks\openjdk-17.0.1\bin\jli.dll
0x00007ffd746c0000 - 0x00007ffd746da000 	C:\Users\DELL\.jdks\openjdk-17.0.1\bin\VCRUNTIME140.dll
0x00007ffdaf240000 - 0x00007ffdaf3dd000 	C:\Windows\System32\USER32.dll
0x00007ffdae260000 - 0x00007ffdae282000 	C:\Windows\System32\win32u.dll
0x00007ffdaf3e0000 - 0x00007ffdaf40c000 	C:\Windows\System32\GDI32.dll
0x00007ffd919d0000 - 0x00007ffd91c6a000 	C:\Windows\WinSxS\amd64_microsoft.windows.common-controls_6595b64144ccf1df_6.0.19041.1110_none_60b5254171f9507e\COMCTL32.dll
0x00007ffdae040000 - 0x00007ffdae155000 	C:\Windows\System32\gdi32full.dll
0x00007ffdaf770000 - 0x00007ffdaf80e000 	C:\Windows\System32\msvcrt.dll
0x00007ffdadb40000 - 0x00007ffdadbdd000 	C:\Windows\System32\msvcp_win.dll
0x00007ffdb01c0000 - 0x00007ffdb01f0000 	C:\Windows\System32\IMM32.DLL
0x00007ffd6c970000 - 0x00007ffd6c97c000 	C:\Users\DELL\.jdks\openjdk-17.0.1\bin\vcruntime140_1.dll
0x00007ffd67a40000 - 0x00007ffd67acd000 	C:\Users\DELL\.jdks\openjdk-17.0.1\bin\msvcp140.dll
0x00007ffcf7350000 - 0x00007ffcf7f0e000 	C:\Users\DELL\.jdks\openjdk-17.0.1\bin\server\jvm.dll
0x00007ffdaeb40000 - 0x00007ffdaebef000 	C:\Windows\System32\ADVAPI32.dll
0x00007ffdaebf0000 - 0x00007ffdaec8c000 	C:\Windows\System32\sechost.dll
0x00007ffdaec90000 - 0x00007ffdaedb6000 	C:\Windows\System32\RPCRT4.dll
0x00007ffdae980000 - 0x00007ffdae988000 	C:\Windows\System32\PSAPI.DLL
0x00007ffd7ad80000 - 0x00007ffd7ad89000 	C:\Windows\SYSTEM32\WSOCK32.dll
0x00007ffdab110000 - 0x00007ffdab137000 	C:\Windows\SYSTEM32\WINMM.dll
0x00007ffd9ebf0000 - 0x00007ffd9ebfa000 	C:\Windows\SYSTEM32\VERSION.dll
0x00007ffdaf5b0000 - 0x00007ffdaf61b000 	C:\Windows\System32\WS2_32.dll
0x00007ffdab950000 - 0x00007ffdab962000 	C:\Windows\SYSTEM32\kernel.appcore.dll
0x00007ffd6c960000 - 0x00007ffd6c96a000 	C:\Users\DELL\.jdks\openjdk-17.0.1\bin\jimage.dll
0x00007ffdaaec0000 - 0x00007ffdab0a4000 	C:\Windows\SYSTEM32\DBGHELP.DLL
0x00007ffdab0d0000 - 0x00007ffdab104000 	C:\Windows\SYSTEM32\dbgcore.DLL
0x00007ffdad910000 - 0x00007ffdad992000 	C:\Windows\System32\bcryptPrimitives.dll
0x00007ffda5ed0000 - 0x00007ffda5ede000 	C:\Users\DELL\.jdks\openjdk-17.0.1\bin\instrument.dll
0x00007ffd6c150000 - 0x00007ffd6c175000 	C:\Users\DELL\.jdks\openjdk-17.0.1\bin\java.dll
0x00007ffd42ac0000 - 0x00007ffd42b96000 	C:\Users\DELL\.jdks\openjdk-17.0.1\bin\svml.dll
0x00007ffdaf9b0000 - 0x00007ffdb00f4000 	C:\Windows\System32\SHELL32.dll
0x00007ffdab990000 - 0x00007ffdac123000 	C:\Windows\SYSTEM32\windows.storage.dll
0x00007ffdae620000 - 0x00007ffdae974000 	C:\Windows\System32\combase.dll
0x00007ffdad370000 - 0x00007ffdad39e000 	C:\Windows\SYSTEM32\Wldp.dll
0x00007ffdaf810000 - 0x00007ffdaf8bd000 	C:\Windows\System32\SHCORE.dll
0x00007ffdae4e0000 - 0x00007ffdae535000 	C:\Windows\System32\shlwapi.dll
0x00007ffdad850000 - 0x00007ffdad86f000 	C:\Windows\SYSTEM32\profapi.dll
0x00007ffd6c130000 - 0x00007ffd6c149000 	C:\Users\DELL\.jdks\openjdk-17.0.1\bin\net.dll
0x00007ffda7860000 - 0x00007ffda796a000 	C:\Windows\SYSTEM32\WINHTTP.dll
0x00007ffdad0d0000 - 0x00007ffdad13a000 	C:\Windows\system32\mswsock.dll
0x00007ffd6c110000 - 0x00007ffd6c125000 	C:\Users\DELL\.jdks\openjdk-17.0.1\bin\nio.dll
0x00007ffd6ba90000 - 0x00007ffd6baa8000 	C:\Users\DELL\.jdks\openjdk-17.0.1\bin\zip.dll
0x00007ffd7be80000 - 0x00007ffd7be9a000 	E:\Complier\IntelliJ IDEA Community Edition 2022.2.2\bin\breakgen64.dll
0x00000185e8fe0000 - 0x00000185e8fe3000 	C:\Users\DELL\.openjfx\cache\17.0.2-ea\api-ms-win-core-console-l1-1-0.dll
0x00000185e8ff0000 - 0x00000185e8ff3000 	C:\Users\DELL\.openjfx\cache\17.0.2-ea\api-ms-win-core-console-l1-2-0.dll
0x00000185e9000000 - 0x00000185e9003000 	C:\Users\DELL\.openjfx\cache\17.0.2-ea\api-ms-win-core-datetime-l1-1-0.dll
0x00000185e9010000 - 0x00000185e9013000 	C:\Users\DELL\.openjfx\cache\17.0.2-ea\api-ms-win-core-debug-l1-1-0.dll
0x00000185e9020000 - 0x00000185e9023000 	C:\Users\DELL\.openjfx\cache\17.0.2-ea\api-ms-win-core-errorhandling-l1-1-0.dll
0x00000185e9030000 - 0x00000185e9034000 	C:\Users\DELL\.openjfx\cache\17.0.2-ea\api-ms-win-core-file-l1-1-0.dll
0x00000185eae20000 - 0x00000185eae23000 	C:\Users\DELL\.openjfx\cache\17.0.2-ea\api-ms-win-core-file-l1-2-0.dll
0x00000185eae30000 - 0x00000185eae33000 	C:\Users\DELL\.openjfx\cache\17.0.2-ea\api-ms-win-core-file-l2-1-0.dll
0x00000185eae40000 - 0x00000185eae43000 	C:\Users\DELL\.openjfx\cache\17.0.2-ea\api-ms-win-core-handle-l1-1-0.dll
0x00000185eae50000 - 0x00000185eae53000 	C:\Users\DELL\.openjfx\cache\17.0.2-ea\api-ms-win-core-heap-l1-1-0.dll
0x00000185feab0000 - 0x00000185feab3000 	C:\Users\DELL\.openjfx\cache\17.0.2-ea\api-ms-win-core-interlocked-l1-1-0.dll
0x00000185feac0000 - 0x00000185feac3000 	C:\Users\DELL\.openjfx\cache\17.0.2-ea\api-ms-win-core-libraryloader-l1-1-0.dll
0x00000185fead0000 - 0x00000185fead3000 	C:\Users\DELL\.openjfx\cache\17.0.2-ea\api-ms-win-core-localization-l1-2-0.dll
0x00000185feae0000 - 0x00000185feae3000 	C:\Users\DELL\.openjfx\cache\17.0.2-ea\api-ms-win-core-memory-l1-1-0.dll
0x00000185feaf0000 - 0x00000185feaf3000 	C:\Users\DELL\.openjfx\cache\17.0.2-ea\api-ms-win-core-namedpipe-l1-1-0.dll
0x00000185feb00000 - 0x00000185feb03000 	C:\Users\DELL\.openjfx\cache\17.0.2-ea\api-ms-win-core-processenvironment-l1-1-0.dll
0x00000185feb10000 - 0x00000185feb13000 	C:\Users\DELL\.openjfx\cache\17.0.2-ea\api-ms-win-core-processthreads-l1-1-0.dll
0x00000185feb20000 - 0x00000185feb23000 	C:\Users\DELL\.openjfx\cache\17.0.2-ea\api-ms-win-core-processthreads-l1-1-1.dll
0x00000185feb30000 - 0x00000185feb33000 	C:\Users\DELL\.openjfx\cache\17.0.2-ea\api-ms-win-core-profile-l1-1-0.dll
0x00000185feb40000 - 0x00000185feb43000 	C:\Users\DELL\.openjfx\cache\17.0.2-ea\api-ms-win-core-rtlsupport-l1-1-0.dll
0x00000185feb50000 - 0x00000185feb53000 	C:\Users\DELL\.openjfx\cache\17.0.2-ea\api-ms-win-core-string-l1-1-0.dll
0x00000185feb60000 - 0x00000185feb63000 	C:\Users\DELL\.openjfx\cache\17.0.2-ea\api-ms-win-core-synch-l1-1-0.dll
0x00000185feb70000 - 0x00000185feb73000 	C:\Users\DELL\.openjfx\cache\17.0.2-ea\api-ms-win-core-synch-l1-2-0.dll
0x00000185feb80000 - 0x00000185feb83000 	C:\Users\DELL\.openjfx\cache\17.0.2-ea\api-ms-win-core-sysinfo-l1-1-0.dll
0x00000185feb90000 - 0x00000185feb93000 	C:\Users\DELL\.openjfx\cache\17.0.2-ea\api-ms-win-core-timezone-l1-1-0.dll
0x00000185feba0000 - 0x00000185feba3000 	C:\Users\DELL\.openjfx\cache\17.0.2-ea\api-ms-win-core-util-l1-1-0.dll
0x00000185febb0000 - 0x00000185febb3000 	C:\Users\DELL\.openjfx\cache\17.0.2-ea\api-ms-win-crt-conio-l1-1-0.dll
0x00000185febc0000 - 0x00000185febc4000 	C:\Users\DELL\.openjfx\cache\17.0.2-ea\api-ms-win-crt-convert-l1-1-0.dll
0x00000185febd0000 - 0x00000185febd3000 	C:\Users\DELL\.openjfx\cache\17.0.2-ea\api-ms-win-crt-environment-l1-1-0.dll
0x00000185febe0000 - 0x00000185febe3000 	C:\Users\DELL\.openjfx\cache\17.0.2-ea\api-ms-win-crt-filesystem-l1-1-0.dll
0x00000185febf0000 - 0x00000185febf3000 	C:\Users\DELL\.openjfx\cache\17.0.2-ea\api-ms-win-crt-heap-l1-1-0.dll
0x000001858ffd0000 - 0x000001858ffd3000 	C:\Users\DELL\.openjfx\cache\17.0.2-ea\api-ms-win-crt-locale-l1-1-0.dll
0x000001858ffe0000 - 0x000001858ffe5000 	C:\Users\DELL\.openjfx\cache\17.0.2-ea\api-ms-win-crt-math-l1-1-0.dll
0x000001858fff0000 - 0x000001858fff5000 	C:\Users\DELL\.openjfx\cache\17.0.2-ea\api-ms-win-crt-multibyte-l1-1-0.dll
0x0000018590000000 - 0x0000018590010000 	C:\Users\DELL\.openjfx\cache\17.0.2-ea\api-ms-win-crt-private-l1-1-0.dll
0x0000018590010000 - 0x0000018590013000 	C:\Users\DELL\.openjfx\cache\17.0.2-ea\api-ms-win-crt-process-l1-1-0.dll
0x0000018590020000 - 0x0000018590024000 	C:\Users\DELL\.openjfx\cache\17.0.2-ea\api-ms-win-crt-runtime-l1-1-0.dll
0x0000018590030000 - 0x0000018590034000 	C:\Users\DELL\.openjfx\cache\17.0.2-ea\api-ms-win-crt-stdio-l1-1-0.dll
0x0000018590040000 - 0x0000018590044000 	C:\Users\DELL\.openjfx\cache\17.0.2-ea\api-ms-win-crt-string-l1-1-0.dll
0x0000018590050000 - 0x0000018590053000 	C:\Users\DELL\.openjfx\cache\17.0.2-ea\api-ms-win-crt-time-l1-1-0.dll
0x0000018590060000 - 0x0000018590063000 	C:\Users\DELL\.openjfx\cache\17.0.2-ea\api-ms-win-crt-utility-l1-1-0.dll
0x00007ffd5f740000 - 0x00007ffd5f83c000 	C:\Users\DELL\.openjfx\cache\17.0.2-ea\ucrtbase.dll
0x00007ffd746e0000 - 0x00007ffd746fa000 	C:\Users\DELL\.openjfx\cache\17.0.2-ea\vcruntime140.dll
0x00007ffd7bc60000 - 0x00007ffd7bc6c000 	C:\Users\DELL\.openjfx\cache\17.0.2-ea\vcruntime140_1.dll
0x00007ffd5f6b0000 - 0x00007ffd5f73d000 	C:\Users\DELL\.openjfx\cache\17.0.2-ea\msvcp140.dll
0x00007ffd5f980000 - 0x00007ffd5f9aa000 	C:\Users\DELL\.openjfx\cache\17.0.2-ea\prism_d3d.dll
0x00007ffd122c0000 - 0x00007ffd1248d000 	C:\Windows\system32\d3d9.dll
0x00007ffdab3a0000 - 0x00007ffdab3cf000 	C:\Windows\SYSTEM32\dwmapi.dll
0x00007ffdaad40000 - 0x00007ffdaadde000 	C:\Windows\system32\uxtheme.dll
0x00007ffcfc410000 - 0x00007ffcfc5bb000 	C:\Windows\System32\DriverStore\FileRepository\iigd_dch.inf_amd64_4a6499af445e8e69\igdumdim64.dll
0x00007ffdae3b0000 - 0x00007ffdae4da000 	C:\Windows\System32\ole32.dll
0x00007ffcf36d0000 - 0x00007ffcf7345000 	C:\Windows\System32\DriverStore\FileRepository\iigd_dch.inf_amd64_4a6499af445e8e69\igd9dxva64.dll
0x00007ffdaf6a0000 - 0x00007ffdaf76d000 	C:\Windows\System32\OLEAUT32.dll
0x00007ffdaedc0000 - 0x00007ffdaf228000 	C:\Windows\System32\SETUPAPI.dll
0x00007ffdada40000 - 0x00007ffdada8e000 	C:\Windows\System32\cfgmgr32.dll
0x00007ffdada10000 - 0x00007ffdada37000 	C:\Windows\System32\bcrypt.dll
0x00007ffda1880000 - 0x00007ffda1c69000 	C:\Windows\System32\DriverStore\FileRepository\iigd_dch.inf_amd64_4a6499af445e8e69\igdgmm64.dll
0x00007ffd5f8a0000 - 0x00007ffd5f8e2000 	C:\Users\DELL\.openjfx\cache\17.0.2-ea\glass.dll
0x00007ffdae540000 - 0x00007ffdae61a000 	C:\Windows\System32\COMDLG32.dll
0x00007ffdae290000 - 0x00007ffdae3a4000 	C:\Windows\System32\MSCTF.dll
0x00007ffd2d0e0000 - 0x00007ffd2d107000 	C:\Windows\System32\DriverStore\FileRepository\iigd_dch.inf_amd64_4a6499af445e8e69\igdinfo64.dll
0x00007ffd9b2e0000 - 0x00007ffd9ea17000 	C:\Windows\System32\DriverStore\FileRepository\iigd_dch.inf_amd64_4a6499af445e8e69\igc64.dll
0x00007ffda4b20000 - 0x00007ffda4b5b000 	C:\Windows\SYSTEM32\dxcore.dll
0x00007ffd744a0000 - 0x00007ffd744b4000 	C:\Users\DELL\.openjfx\cache\17.0.2-ea\javafx_font.dll
0x00007ffdacdb0000 - 0x00007ffdace7b000 	C:\Windows\SYSTEM32\DNSAPI.dll
0x00007ffdacd70000 - 0x00007ffdacdac000 	C:\Windows\SYSTEM32\IPHLPAPI.DLL
0x00007ffdaf230000 - 0x00007ffdaf238000 	C:\Windows\System32\NSI.dll
0x00007ffda29a0000 - 0x00007ffda29aa000 	C:\Windows\System32\rasadhlp.dll
0x00007ffda09b0000 - 0x00007ffda0a32000 	C:\Windows\System32\fwpuclnt.dll
0x00007ffd72770000 - 0x00007ffd729ef000 	C:\Windows\SYSTEM32\dwrite.dll
0x00007ffdaf500000 - 0x00007ffdaf5a9000 	C:\Windows\System32\clbcatq.dll
0x00007ffda7d30000 - 0x00007ffda7ee4000 	C:\Windows\SYSTEM32\WindowsCodecs.dll
0x00007ffd6c630000 - 0x00007ffd6c66e000 	C:\Windows\system32\dataexchange.dll
0x00007ffdaa050000 - 0x00007ffdaa233000 	C:\Windows\system32\dcomp.dll
0x00007ffda9820000 - 0x00007ffda9a83000 	C:\Windows\system32\d3d11.dll
0x00007ffdac1b0000 - 0x00007ffdac2a3000 	C:\Windows\system32\dxgi.dll
0x00007ffda7980000 - 0x00007ffda7b80000 	C:\Windows\system32\twinapi.appcore.dll
0x00007ffd23470000 - 0x00007ffd234a4000 	C:\Program Files\Common Files\Microsoft Shared\Ink\rtscom.dll
0x00007ffd8f610000 - 0x00007ffd8f70a000 	C:\Windows\SYSTEM32\textinputframework.dll
0x00007ffdaaa00000 - 0x00007ffdaaaf2000 	C:\Windows\System32\CoreMessaging.dll
0x00007ffdaa320000 - 0x00007ffdaa67e000 	C:\Windows\System32\CoreUIComponents.dll

dbghelp: loaded successfully - version: 4.0.5 - missing functions: none
symbol engine: initialized successfully - sym options: 0x614 - pdb path: .;C:\Users\DELL\.jdks\openjdk-17.0.1\bin;C:\Windows\SYSTEM32;C:\Windows\WinSxS\amd64_microsoft.windows.common-controls_6595b64144ccf1df_6.0.19041.1110_none_60b5254171f9507e;C:\Users\DELL\.jdks\openjdk-17.0.1\bin\server;E:\Complier\IntelliJ IDEA Community Edition 2022.2.2\bin;C:\Users\DELL\.openjfx\cache\17.0.2-ea;C:\Windows\System32\DriverStore\FileRepository\iigd_dch.inf_amd64_4a6499af445e8e69;C:\Program Files\Common Files\Microsoft Shared\Ink

VM Arguments:
jvm_args: -javaagent:E:\Complier\IntelliJ IDEA Community Edition 2022.2.2\lib\idea_rt.jar=52112:E:\Complier\IntelliJ IDEA Community Edition 2022.2.2\bin -Dfile.encoding=UTF-8 --module-path=C:\Users\DELL\.m2\repository\org\openjfx\javafx-base\17.0.2\javafx-base-17.0.2-win.jar;C:\Users\DELL\.m2\repository\org\openjfx\javafx-controls\17.0.2\javafx-controls-17.0.2-win.jar;C:\Users\DELL\.m2\repository\org\openjfx\javafx-fxml\17.0.2\javafx-fxml-17.0.2-win.jar;D:\Dat\PROJECT\HeTroGiup\demo\target\classes;C:\Users\DELL\.m2\repository\org\openjfx\javafx-graphics\17.0.2\javafx-graphics-17.0.2-win.jar -Djdk.module.main=com.example.demo 
java_command: com.example.demo/com.example.demo.HelloApplication
java_class_path (initial): C:\Users\DELL\.m2\repository\org\openjfx\javafx-controls\17.0.2\javafx-controls-17.0.2.jar;C:\Users\DELL\.m2\repository\org\openjfx\javafx-graphics\17.0.2\javafx-graphics-17.0.2.jar;C:\Users\DELL\.m2\repository\org\openjfx\javafx-base\17.0.2\javafx-base-17.0.2.jar;C:\Users\DELL\.m2\repository\org\openjfx\javafx-fxml\17.0.2\javafx-fxml-17.0.2.jar;D:\Download\mysql-connector-java-8.0.25\mysql-connector-java-8.0.25.jar
Launcher Type: SUN_STANDARD

[Global flags]
     intx CICompilerCount                          = 4                                         {product} {ergonomic}
     uint ConcGCThreads                            = 2                                         {product} {ergonomic}
     uint G1ConcRefinementThreads                  = 8                                         {product} {ergonomic}
   size_t G1HeapRegionSize                         = 2097152                                   {product} {ergonomic}
    uintx GCDrainStackTargetSize                   = 64                                        {product} {ergonomic}
   size_t InitialHeapSize                          = 264241152                                 {product} {ergonomic}
   size_t MarkStackSize                            = 4194304                                   {product} {ergonomic}
   size_t MaxHeapSize                              = 4223664128                                {product} {ergonomic}
   size_t MaxNewSize                               = 2533359616                                {product} {ergonomic}
   size_t MinHeapDeltaBytes                        = 2097152                                   {product} {ergonomic}
   size_t MinHeapSize                              = 8388608                                   {product} {ergonomic}
    uintx NonNMethodCodeHeapSize                   = 5839372                                {pd product} {ergonomic}
    uintx NonProfiledCodeHeapSize                  = 122909434                              {pd product} {ergonomic}
    uintx ProfiledCodeHeapSize                     = 122909434                              {pd product} {ergonomic}
    uintx ReservedCodeCacheSize                    = 251658240                              {pd product} {ergonomic}
     bool SegmentedCodeCache                       = true                                      {product} {ergonomic}
   size_t SoftMaxHeapSize                          = 4223664128                             {manageable} {ergonomic}
     bool UseCompressedClassPointers               = true                           {product lp64_product} {ergonomic}
     bool UseCompressedOops                        = true                           {product lp64_product} {ergonomic}
     bool UseG1GC                                  = true                                      {product} {ergonomic}
     bool UseLargePagesIndividualAllocation        = false                                  {pd product} {ergonomic}

Logging:
Log output configuration:
 #0: stdout all=warning uptime,level,tags
 #1: stderr all=off uptime,level,tags

Environment Variables:
PATH=C:\Program Files (x86)\Common Files\Oracle\Java\javapath;D:\May ao\bin\;C:\Windows\system32;C:\Windows;C:\Windows\System32\Wbem;C:\Windows\System32\WindowsPowerShell\v1.0\;C:\Windows\System32\OpenSSH\;C:\Program Files\Microsoft SQL Server\Client SDK\ODBC\110\Tools\Binn\;C:\Program Files (x86)\Microsoft SQL Server\120\Tools\Binn\;C:\Program Files\Microsoft SQL Server\120\Tools\Binn\;C:\Program Files\Microsoft SQL Server\120\DTS\Binn\;C:\Program Files (x86)\Microsoft SQL Server\120\Tools\Binn\ManagementStudio\;C:\Program Files (x86)\Microsoft SQL Server\120\DTS\Binn\;C:\Program Files\Git\cmd;C:\Program Files\dotnet\;E:\Mi tru?ng\;C:\Program Files\Microsoft SQL Server\Client SDK\ODBC\170\Tools\Binn\;C:\Program Files (x86)\Microsoft SQL Server\150\Tools\Binn\;C:\Program Files\Microsoft SQL Server\150\Tools\Binn\;C:\Program Files\Microsoft SQL Server\150\DTS\Binn\;C:\Program Files (x86)\Microsoft SQL Server\150\DTS\Binn\;C:\Program Files\Azure Data Studio\bin;C:\ProgramData\chocolatey\bin;C:\Program Files (x86)\Windows Kits\10\Windows Performance Toolkit\;C:\Users\DELL\AppData\Local\Microsoft\WindowsApps;C:\Users\DELL\AppData\Local\GitHubDesktop\bin;D:\Dat\Microsoft VS Code\bin;C:\Users\DELL\AppData\Roaming\npm;C:\Program Files\Azure Data Studio\bin;C:\Users\DELL\.dotnet\tools
USERNAME=DELL
OS=Windows_NT
PROCESSOR_IDENTIFIER=Intel64 Family 6 Model 140 Stepping 1, GenuineIntel



---------------  S Y S T E M  ---------------

OS:
 Windows 10 , 64 bit Build 19041 (10.0.19041.2913)
OS uptime: 0 days 1:51 hours
Hyper-V role detected

CPU: total 8 (initial active 8) (4 cores per cpu, 2 threads per core) family 6 model 140 stepping 1 microcode 0xa4, cx8, cmov, fxsr, ht, mmx, 3dnowpref, sse, sse2, sse3, ssse3, sse4.1, sse4.2, popcnt, lzcnt, tsc, tscinvbit, avx, avx2, aes, erms, clmul, bmi1, bmi2, adx, avx512f, avx512dq, avx512cd, avx512bw, avx512vl, sha, fma, vzeroupper, avx512_vpopcntdq, avx512_vpclmulqdq, avx512_vaes, avx512_vnni, clflush, clflushopt, clwb, avx512_vbmi2, avx512_vbmi, hv

Memory: 4k page, system-wide physical 16106M (3552M free)
TotalPageFile size 17342M (AvailPageFile size 4M)
current process WorkingSet (physical memory assigned to process): 194M, peak: 194M
current process commit charge ("private bytes"): 442M, peak: 443M

vm_info: OpenJDK 64-Bit Server VM (17.0.1+12-39) for windows-amd64 JRE (17.0.1+12-39), built on Sep 27 2021 18:39:29 by "mach5one" with MS VC++ 16.8 (VS2019)

END.
